Using pre-set license
Built from '2021.3/staging' branch; Version is '2021.3.8f1 (b30333d56e81) revision 11731763'; Using compiler version '192829333'; Build Type 'Release'
OS: 'Windows 10  (10.0.19045) 64bit Core' Language: 'ko' Physical Memory: 8067 MB
BatchMode: 1, IsHumanControllingUs: 0, StartBugReporterOnCrash: 0, Is64bit: 1, IsPro: 1

COMMAND LINE ARGUMENTS:
C:\Program Files\Unity\Hub\Editor\2021.3.8f1\Editor\Unity.exe
-adb2
-batchMode
-noUpm
-name
AssetImportWorker7
-projectPath
D:/hub/Unity/RPG3D/Fantasy_RPG/Fantasy_RPG
-logFile
Logs/AssetImportWorker7.log
-srvPort
60986
Successfully changed project path to: D:/hub/Unity/RPG3D/Fantasy_RPG/Fantasy_RPG
D:/hub/Unity/RPG3D/Fantasy_RPG/Fantasy_RPG
[UnityMemory] Configuration Parameters - Can be set up in boot.config
    "memorysetup-bucket-allocator-granularity=16"
    "memorysetup-bucket-allocator-bucket-count=8"
    "memorysetup-bucket-allocator-block-size=33554432"
    "memorysetup-bucket-allocator-block-count=8"
    "memorysetup-main-allocator-block-size=16777216"
    "memorysetup-thread-allocator-block-size=16777216"
    "memorysetup-gfx-main-allocator-block-size=16777216"
    "memorysetup-gfx-thread-allocator-block-size=16777216"
    "memorysetup-cache-allocator-block-size=4194304"
    "memorysetup-typetree-allocator-block-size=2097152"
    "memorysetup-profiler-bucket-allocator-granularity=16"
    "memorysetup-profiler-bucket-allocator-bucket-count=8"
    "memorysetup-profiler-bucket-allocator-block-size=33554432"
    "memorysetup-profiler-bucket-allocator-block-count=8"
    "memorysetup-profiler-allocator-block-size=16777216"
    "memorysetup-profiler-editor-allocator-block-size=1048576"
    "memorysetup-temp-allocator-size-main=16777216"
    "memorysetup-job-temp-allocator-block-size=2097152"
    "memorysetup-job-temp-allocator-block-size-background=1048576"
    "memorysetup-job-temp-allocator-reduction-small-platforms=262144"
    "memorysetup-temp-allocator-size-background-worker=32768"
    "memorysetup-temp-allocator-size-job-worker=262144"
    "memorysetup-temp-allocator-size-preload-manager=33554432"
    "memorysetup-temp-allocator-size-nav-mesh-worker=65536"
    "memorysetup-temp-allocator-size-audio-worker=65536"
    "memorysetup-temp-allocator-size-cloud-worker=32768"
    "memorysetup-temp-allocator-size-gi-baking-worker=262144"
    "memorysetup-temp-allocator-size-gfx=262144"
Refreshing native plugins compatible for Editor in 122.09 ms, found 3 plugins.
Preloading 0 native plugins for Editor in 0.00 ms.
Initialize engine version: 2021.3.8f1 (b30333d56e81)
[Subsystems] Discovering subsystems at path C:/Program Files/Unity/Hub/Editor/2021.3.8f1/Editor/Data/Resources/UnitySubsystems
[Subsystems] Discovering subsystems at path D:/hub/Unity/RPG3D/Fantasy_RPG/Fantasy_RPG/Assets
GfxDevice: creating device client; threaded=0; jobified=0
Direct3D:
    Version:  Direct3D 11.0 [level 11.1]
    Renderer: NVIDIA GeForce GTX 1050 Ti (ID=0x1c8c)
    Vendor:   NVIDIA
    VRAM:     4019 MB
    Driver:   31.0.15.2849
Initialize mono
Mono path[0] = 'C:/Program Files/Unity/Hub/Editor/2021.3.8f1/Editor/Data/Managed'
Mono path[1] = 'C:/Program Files/Unity/Hub/Editor/2021.3.8f1/Editor/Data/MonoBleedingEdge/lib/mono/unityjit-win32'
Mono config path = 'C:/Program Files/Unity/Hub/Editor/2021.3.8f1/Editor/Data/MonoBleedingEdge/etc'
Using monoOptions --debugger-agent=transport=dt_socket,embedding=1,server=y,suspend=n,address=127.0.0.1:56188
Begin MonoManager ReloadAssembly
Registering precompiled unity dll's ...
Register platform support module: C:/Program Files/Unity/Hub/Editor/2021.3.8f1/Editor/Data/PlaybackEngines/AndroidPlayer/UnityEditor.Android.Extensions.dll
Register platform support module: C:/Program Files/Unity/Hub/Editor/2021.3.8f1/Editor/Data/PlaybackEngines/WindowsStandaloneSupport/UnityEditor.WindowsStandalone.Extensions.dll
Registered in 0.027647 seconds.
Native extension for WindowsStandalone target not found
Native extension for Android target not found
Refreshing native plugins compatible for Editor in 124.24 ms, found 3 plugins.
Preloading 0 native plugins for Editor in 0.00 ms.
Mono: successfully reloaded assembly
- Completed reload, in  1.047 seconds
Domain Reload Profiling:
	ReloadAssembly (1048ms)
		BeginReloadAssembly (151ms)
			ExecutionOrderSort (0ms)
			DisableScriptedObjects (0ms)
			BackupInstance (0ms)
			ReleaseScriptingObjects (0ms)
			CreateAndSetChildDomain (1ms)
		EndReloadAssembly (709ms)
			LoadAssemblies (146ms)
			RebuildTransferFunctionScriptingTraits (0ms)
			SetupTypeCache (156ms)
			ReleaseScriptCaches (0ms)
			RebuildScriptCaches (38ms)
			SetupLoadedEditorAssemblies (437ms)
				LogAssemblyErrors (0ms)
				InitializePlatformSupportModulesInManaged (77ms)
				SetLoadedEditorAssemblies (0ms)
				RefreshPlugins (124ms)
				BeforeProcessingInitializeOnLoad (1ms)
				ProcessInitializeOnLoadAttributes (149ms)
				ProcessInitializeOnLoadMethodAttributes (85ms)
				AfterProcessingInitializeOnLoad (0ms)
				EditorAssembliesLoaded (0ms)
			ExecutionOrderSort2 (0ms)
			AwakeInstancesAfterBackupRestoration (0ms)
Platform modules already initialized, skipping
Registering precompiled user dll's ...
Registered in 0.017074 seconds.
Begin MonoManager ReloadAssembly
Symbol file LoadedFromMemory doesn't match image D:\hub\Unity\RPG3D\Fantasy_RPG\Fantasy_RPG\Library\PackageCache\com.unity.visualscripting@1.7.8\Editor\VisualScripting.Core\Dependencies\YamlDotNet\Unity.VisualScripting.YamlDotNet.dll
Symbol file LoadedFromMemory doesn't match image D:\hub\Unity\RPG3D\Fantasy_RPG\Fantasy_RPG\Library\PackageCache\com.unity.visualscripting@1.7.8\Editor\VisualScripting.Core\Dependencies\DotNetZip\Unity.VisualScripting.IonicZip.dll
Native extension for WindowsStandalone target not found
Native extension for Android target not found
Refreshing native plugins compatible for Editor in 0.64 ms, found 3 plugins.
Preloading 0 native plugins for Editor in 0.00 ms.
Mono: successfully reloaded assembly
- Completed reload, in  1.778 seconds
Domain Reload Profiling:
	ReloadAssembly (1780ms)
		BeginReloadAssembly (331ms)
			ExecutionOrderSort (0ms)
			DisableScriptedObjects (8ms)
			BackupInstance (0ms)
			ReleaseScriptingObjects (0ms)
			CreateAndSetChildDomain (131ms)
		EndReloadAssembly (1248ms)
			LoadAssemblies (189ms)
			RebuildTransferFunctionScriptingTraits (0ms)
			SetupTypeCache (372ms)
			ReleaseScriptCaches (1ms)
			RebuildScriptCaches (81ms)
			SetupLoadedEditorAssemblies (588ms)
				LogAssemblyErrors (0ms)
				InitializePlatformSupportModulesInManaged (28ms)
				SetLoadedEditorAssemblies (1ms)
				RefreshPlugins (1ms)
				BeforeProcessingInitializeOnLoad (139ms)
				ProcessInitializeOnLoadAttributes (353ms)
				ProcessInitializeOnLoadMethodAttributes (39ms)
				AfterProcessingInitializeOnLoad (27ms)
				EditorAssembliesLoaded (0ms)
			ExecutionOrderSort2 (0ms)
			AwakeInstancesAfterBackupRestoration (22ms)
Platform modules already initialized, skipping
========================================================================
Worker process is ready to serve import requests
Launched and connected shader compiler UnityShaderCompiler.exe after 0.10 seconds
Refreshing native plugins compatible for Editor in 1.23 ms, found 3 plugins.
Preloading 0 native plugins for Editor in 0.00 ms.
Unloading 3462 Unused Serialized files (Serialized files now loaded: 0)
Unloading 27 unused Assets / (111.9 KB). Loaded Objects now: 3922.
Memory consumption went from 142.8 MB to 142.7 MB.
Total: 7.033400 ms (FindLiveObjects: 1.031300 ms CreateObjectMapping: 0.598400 ms MarkObjects: 4.734100 ms  DeleteObjects: 0.666900 ms)

AssetImportParameters requested are different than current active one (requested -> active):
  custom:video-decoder-ogg-theora: a1e56fd34408186e4bbccfd4996cb3dc -> 
  custom:container-muxer-webm: aa71ff27fc2769a1b78a27578f13a17b -> 
  custom:container-demuxer-webm: 4f35f7cbe854078d1ac9338744f61a02 -> 
  custom:video-encoder-webm-vp8: eb34c28f22e8b96e1ab97ce403110664 -> 
  custom:audio-encoder-webm-vorbis: bf7c407c2cedff20999df2af8eb42d56 -> 
  custom:framework-win-MediaFoundation: 216162199b28c13a410421893ffa2e32 -> 
  custom:container-demuxer-ogg: 62fdf1f143b41e24485cea50d1cbac27 -> 
  custom:video-decoder-webm-vp8: 9c59270c3fd7afecdb556c50c9e8de78 -> 
  custom:audio-decoder-ogg-vorbis: bf7c407c2cedff20999df2af8eb42d56 -> 
========================================================================
Received Import Request.
  Time since last request: 571015.338943 seconds.
  path: Assets/ExplosiveLLC/Editor
  artifactKey: Guid(99d610dbedac0ba448b0aad316846584) Importer(815301076,1909f56bfc062723c751e8b465ee728b)
Start importing Assets/ExplosiveLLC/Editor using Guid(99d610dbedac0ba448b0aad316846584) Importer(815301076,1909f56bfc062723c751e8b465ee728b)  -> (artifact id: '07cb35ecc976be4678fc847263c55e13') in 0.026337 seconds 
========================================================================
Received Import Request.
  Time since last request: 0.000042 seconds.
  path: Assets/ExplosiveLLC/Editor/SetupInputLayers.cs
  artifactKey: Guid(ec2de03be4db0194d875d26d8e728b9c) Importer(815301076,1909f56bfc062723c751e8b465ee728b)
Start importing Assets/ExplosiveLLC/Editor/SetupInputLayers.cs using Guid(ec2de03be4db0194d875d26d8e728b9c) Importer(815301076,1909f56bfc062723c751e8b465ee728b)  -> (artifact id: '5d0e0cacf963c6a5b37589202d0d5d9a') in 0.107341 seconds 
========================================================================
Received Import Request.
  Time since last request: 0.000085 seconds.
  path: Assets/Polytope Studio/Lowpoly_Characters/Prefabs/Modular_Armors/Separate_Parts/PT_Male_Armor_hair_01.prefab
  artifactKey: Guid(6ff57d51b6a7ff44988acb2b5a0b3a1c) Importer(815301076,1909f56bfc062723c751e8b465ee728b)
Start importing Assets/Polytope Studio/Lowpoly_Characters/Prefabs/Modular_Armors/Separate_Parts/PT_Male_Armor_hair_01.prefab using Guid(6ff57d51b6a7ff44988acb2b5a0b3a1c) Importer(815301076,1909f56bfc062723c751e8b465ee728b)  -> (artifact id: '2e194d7125d932c6aa20ca340f09a278') in 0.232504 seconds 
========================================================================
Received Import Request.
  Time since last request: 0.000040 seconds.
  path: Assets/Polytope Studio/Lowpoly_Characters/Prefabs
  artifactKey: Guid(16ea5dfdcb380b54aac6800d1ca383a7) Importer(815301076,1909f56bfc062723c751e8b465ee728b)
Start importing Assets/Polytope Studio/Lowpoly_Characters/Prefabs using Guid(16ea5dfdcb380b54aac6800d1ca383a7) Importer(815301076,1909f56bfc062723c751e8b465ee728b)  -> (artifact id: '3656086c2a90e74cf6bde5e0b521b689') in 0.015275 seconds 
========================================================================
Received Import Request.
  Time since last request: 0.000047 seconds.
  path: Assets/Polytope Studio/Lowpoly_Characters/Prefabs/Modular_Armors/Separate_Parts/PT_Male_Armor_head_10.prefab
  artifactKey: Guid(986ab30b3a49164469344a0f75092c2d) Importer(815301076,1909f56bfc062723c751e8b465ee728b)
Start importing Assets/Polytope Studio/Lowpoly_Characters/Prefabs/Modular_Armors/Separate_Parts/PT_Male_Armor_head_10.prefab using Guid(986ab30b3a49164469344a0f75092c2d) Importer(815301076,1909f56bfc062723c751e8b465ee728b)  -> (artifact id: 'bb0d3f6d92b8d3c0ce25346dc2e3a6f0') in 0.048117 seconds 
========================================================================
Received Import Request.
  Time since last request: 0.000034 seconds.
  path: Assets/Polytope Studio/Lowpoly_Characters/SRP
  artifactKey: Guid(28820db8a4b3f1d47827cca3c53a407a) Importer(815301076,1909f56bfc062723c751e8b465ee728b)
Start importing Assets/Polytope Studio/Lowpoly_Characters/SRP using Guid(28820db8a4b3f1d47827cca3c53a407a) Importer(815301076,1909f56bfc062723c751e8b465ee728b)  -> (artifact id: 'fc3d359f28521136818450affe9f71fd') in 0.011742 seconds 
========================================================================
Received Import Request.
  Time since last request: 0.000060 seconds.
  path: Assets/Polytope Studio/Lowpoly_Characters/Prefabs/Modular_Armors/PT_Lowpoly_Armors_Female_Moduar_Free.prefab
  artifactKey: Guid(435d261c1fe73ba46883b819e578219d) Importer(815301076,1909f56bfc062723c751e8b465ee728b)
Start importing Assets/Polytope Studio/Lowpoly_Characters/Prefabs/Modular_Armors/PT_Lowpoly_Armors_Female_Moduar_Free.prefab using Guid(435d261c1fe73ba46883b819e578219d) Importer(815301076,1909f56bfc062723c751e8b465ee728b)  -> (artifact id: 'fd71fbf006e0003064d20b9b593c276a') in 0.085598 seconds 
========================================================================
Received Import Request.
  Time since last request: 0.000050 seconds.
  path: Assets/Polytope Studio/Lowpoly_Characters/Prefabs/Modular_Armors/Separate_Parts/PT_Male_Armor_01_A_body.prefab
  artifactKey: Guid(e66d4cc425023c246b63c04357f51885) Importer(815301076,1909f56bfc062723c751e8b465ee728b)
Start importing Assets/Polytope Studio/Lowpoly_Characters/Prefabs/Modular_Armors/Separate_Parts/PT_Male_Armor_01_A_body.prefab using Guid(e66d4cc425023c246b63c04357f51885) Importer(815301076,1909f56bfc062723c751e8b465ee728b)  -> (artifact id: '8800519e051aaf0c8378d0fc4cf20800') in 0.043709 seconds 
========================================================================
Received Import Request.
  Time since last request: 0.000037 seconds.
  path: Assets/Polytope Studio/Lowpoly_Characters/Prefabs/Modular_Armors/Separate_Parts/PT_Female_Armor_cloth_00_boots.prefab
  artifactKey: Guid(0508fdc640bd04744a4cfbe55a151dd3) Importer(815301076,1909f56bfc062723c751e8b465ee728b)
Start importing Assets/Polytope Studio/Lowpoly_Characters/Prefabs/Modular_Armors/Separate_Parts/PT_Female_Armor_cloth_00_boots.prefab using Guid(0508fdc640bd04744a4cfbe55a151dd3) Importer(815301076,1909f56bfc062723c751e8b465ee728b)  -> (artifact id: '7f1b4060511d4b5803f745c4419250a6') in 0.041876 seconds 
========================================================================
Received Import Request.
  Time since last request: 0.000060 seconds.
  path: Assets/Polytope Studio/Lowpoly_Characters/Prefabs/Modular_Armors/Separate_Parts/PT_Male_Armor_head_01.prefab
  artifactKey: Guid(93928b12d3f49ec4c9144d1f614f088c) Importer(815301076,1909f56bfc062723c751e8b465ee728b)
Start importing Assets/Polytope Studio/Lowpoly_Characters/Prefabs/Modular_Armors/Separate_Parts/PT_Male_Armor_head_01.prefab using Guid(93928b12d3f49ec4c9144d1f614f088c) Importer(815301076,1909f56bfc062723c751e8b465ee728b)  -> (artifact id: 'e1355834be689f68b9a78d070821f375') in 0.044122 seconds 
========================================================================
Received Import Request.
  Time since last request: 0.000045 seconds.
  path: Assets/Polytope Studio/Lowpoly_Characters/Prefabs/Modular_Armors/Separate_Parts/PT_Male_Armor_05_C_helmet.prefab
  artifactKey: Guid(80d27ac515a8dbf459212780052ae396) Importer(815301076,1909f56bfc062723c751e8b465ee728b)
Start importing Assets/Polytope Studio/Lowpoly_Characters/Prefabs/Modular_Armors/Separate_Parts/PT_Male_Armor_05_C_helmet.prefab using Guid(80d27ac515a8dbf459212780052ae396) Importer(815301076,1909f56bfc062723c751e8b465ee728b)  -> (artifact id: '54df152d8ee33b545d4476a0a812eacd') in 0.043426 seconds 
========================================================================
Received Import Request.
  Time since last request: 0.000029 seconds.
  path: Assets/Polytope Studio/Lowpoly_Characters/Prefabs/Modular_Armors/Separate_Parts/PT_Female_Armor_head_01.prefab
  artifactKey: Guid(fd86e96a79e342e47922e84a75a481af) Importer(815301076,1909f56bfc062723c751e8b465ee728b)
Start importing Assets/Polytope Studio/Lowpoly_Characters/Prefabs/Modular_Armors/Separate_Parts/PT_Female_Armor_head_01.prefab using Guid(fd86e96a79e342e47922e84a75a481af) Importer(815301076,1909f56bfc062723c751e8b465ee728b)  -> (artifact id: 'be37577cf5c0d39399ba4e3171e24cc7') in 0.033501 seconds 
========================================================================
Received Import Request.
  Time since last request: 0.000024 seconds.
  path: Assets/Polytope Studio/Lowpoly_Characters/Prefabs/Modular_Armors/Separate_Parts/PT_Female_Armor_05_C_body.prefab
  artifactKey: Guid(bcb60191cf3897949be226267745ed3e) Importer(815301076,1909f56bfc062723c751e8b465ee728b)
Start importing Assets/Polytope Studio/Lowpoly_Characters/Prefabs/Modular_Armors/Separate_Parts/PT_Female_Armor_05_C_body.prefab using Guid(bcb60191cf3897949be226267745ed3e) Importer(815301076,1909f56bfc062723c751e8b465ee728b)  -> (artifact id: '0df6ee2c75e24d7f14e815e737e1601f') in 0.036016 seconds 
========================================================================
Received Import Request.
  Time since last request: 0.000150 seconds.
  path: Assets/Polytope Studio/Lowpoly_Characters/Prefabs/Modular_Armors/Separate_Parts/PT_Male_Armor_hair_20.prefab
  artifactKey: Guid(def9ac685dec5fe428e62eab288af3fe) Importer(815301076,1909f56bfc062723c751e8b465ee728b)
Start importing Assets/Polytope Studio/Lowpoly_Characters/Prefabs/Modular_Armors/Separate_Parts/PT_Male_Armor_hair_20.prefab using Guid(def9ac685dec5fe428e62eab288af3fe) Importer(815301076,1909f56bfc062723c751e8b465ee728b)  -> (artifact id: '8d06390e4f0443bbe610f4ef156ba051') in 0.034567 seconds 
========================================================================
Received Import Request.
  Time since last request: 0.000042 seconds.
  path: Assets/Polytope Studio/Lowpoly_Characters/Prefabs/Modular_Armors/Separate_Parts/PT_Female_Armor_head_10.prefab
  artifactKey: Guid(bf20a3ec0867d244c9590407c7a46751) Importer(815301076,1909f56bfc062723c751e8b465ee728b)
Start importing Assets/Polytope Studio/Lowpoly_Characters/Prefabs/Modular_Armors/Separate_Parts/PT_Female_Armor_head_10.prefab using Guid(bf20a3ec0867d244c9590407c7a46751) Importer(815301076,1909f56bfc062723c751e8b465ee728b)  -> (artifact id: 'd727f7e13808a507f52e24220c9c2fed') in 0.037638 seconds 
========================================================================
Received Import Request.
  Time since last request: 0.000052 seconds.
  path: Assets/Polytope Studio/Lowpoly_Characters/Prefabs/Modular_Armors/Separate_Parts/PT_Female_Armor_01_A_boots.prefab
  artifactKey: Guid(b9100aa189d87db49afdd4bcedc14dd3) Importer(815301076,1909f56bfc062723c751e8b465ee728b)
Start importing Assets/Polytope Studio/Lowpoly_Characters/Prefabs/Modular_Armors/Separate_Parts/PT_Female_Armor_01_A_boots.prefab using Guid(b9100aa189d87db49afdd4bcedc14dd3) Importer(815301076,1909f56bfc062723c751e8b465ee728b)  -> (artifact id: '5ad0348738c61c78d6751e2505192caf') in 0.043986 seconds 
========================================================================
Received Import Request.
  Time since last request: 0.000035 seconds.
  path: Assets/Polytope Studio/Lowpoly_Characters
  artifactKey: Guid(2fe323f58b2eff8478619059f3c2c0a2) Importer(815301076,1909f56bfc062723c751e8b465ee728b)
Start importing Assets/Polytope Studio/Lowpoly_Characters using Guid(2fe323f58b2eff8478619059f3c2c0a2) Importer(815301076,1909f56bfc062723c751e8b465ee728b)  -> (artifact id: 'a5fe5735c5cf54e7df94a01add032cc9') in 0.015122 seconds 
========================================================================
Received Import Request.
  Time since last request: 0.000052 seconds.
  path: Assets/Polytope Studio/Lowpoly_Characters/Prefabs/Modular_Armors/Separate_Parts/PT_Female_Armor_05_C_boots.prefab
  artifactKey: Guid(74c9496fdb940f64ebc5acb263fc8f0f) Importer(815301076,1909f56bfc062723c751e8b465ee728b)
Start importing Assets/Polytope Studio/Lowpoly_Characters/Prefabs/Modular_Armors/Separate_Parts/PT_Female_Armor_05_C_boots.prefab using Guid(74c9496fdb940f64ebc5acb263fc8f0f) Importer(815301076,1909f56bfc062723c751e8b465ee728b)  -> (artifact id: '908e6642abe86d3b194146a65f14037a') in 0.046211 seconds 
========================================================================
Received Import Request.
  Time since last request: 0.000044 seconds.
  path: Assets/Polytope Studio/Lowpoly_Characters/Prefabs/Modular_Armors/PT_Lowpoly_Armors_Male_Moduar_Free.prefab
  artifactKey: Guid(23f907c94ad92894495c02b43a563c6f) Importer(815301076,1909f56bfc062723c751e8b465ee728b)
Start importing Assets/Polytope Studio/Lowpoly_Characters/Prefabs/Modular_Armors/PT_Lowpoly_Armors_Male_Moduar_Free.prefab using Guid(23f907c94ad92894495c02b43a563c6f) Importer(815301076,1909f56bfc062723c751e8b465ee728b)  -> (artifact id: '9ea683975fd64272fbe49705b5ba9d86') in 0.064761 seconds 
========================================================================
Received Import Request.
  Time since last request: 0.000070 seconds.
  path: Assets/Polytope Studio/Lowpoly_Characters/Prefabs/Modular_Armors/Separate_Parts/PT_Female_Armor_cloth_00_gauntlets.prefab
  artifactKey: Guid(da7b77e8b51d0cb4190f399f2e2176a1) Importer(815301076,1909f56bfc062723c751e8b465ee728b)
Start importing Assets/Polytope Studio/Lowpoly_Characters/Prefabs/Modular_Armors/Separate_Parts/PT_Female_Armor_cloth_00_gauntlets.prefab using Guid(da7b77e8b51d0cb4190f399f2e2176a1) Importer(815301076,1909f56bfc062723c751e8b465ee728b)  -> (artifact id: '23027d2721a5546d1dec200dcd2a89ca') in 0.034206 seconds 
========================================================================
Received Import Request.
  Time since last request: 0.000034 seconds.
  path: Assets/Polytope Studio/Lowpoly_Characters/Prefabs/Modular_Armors/Separate_Parts/PT_Male_Armor_naked_00_boots.prefab
  artifactKey: Guid(7c8da33532be64f4f9389d54cb078c1c) Importer(815301076,1909f56bfc062723c751e8b465ee728b)
Start importing Assets/Polytope Studio/Lowpoly_Characters/Prefabs/Modular_Armors/Separate_Parts/PT_Male_Armor_naked_00_boots.prefab using Guid(7c8da33532be64f4f9389d54cb078c1c) Importer(815301076,1909f56bfc062723c751e8b465ee728b)  -> (artifact id: '7cd4eadb5b37fa516f36a6ddab3e7679') in 0.033869 seconds 
========================================================================
Received Import Request.
  Time since last request: 0.000050 seconds.
  path: Assets/Polytope Studio/Lowpoly_Characters/Prefabs/Modular_Armors/Separate_Parts/PT_Female_Armor_cloth_00_legs.prefab
  artifactKey: Guid(c9b944a4096eb1a4a8d74e7e1b155d65) Importer(815301076,1909f56bfc062723c751e8b465ee728b)
Start importing Assets/Polytope Studio/Lowpoly_Characters/Prefabs/Modular_Armors/Separate_Parts/PT_Female_Armor_cloth_00_legs.prefab using Guid(c9b944a4096eb1a4a8d74e7e1b155d65) Importer(815301076,1909f56bfc062723c751e8b465ee728b)  -> (artifact id: 'ec2a74b0bce151daa7d5dca714abe3d0') in 0.135469 seconds 
========================================================================
Received Import Request.
  Time since last request: 0.000024 seconds.
  path: Assets/Polytope Studio/Lowpoly_Characters/Prefabs/Modular_Armors/Separate_Parts/PT_Female_Armor_01_A_helmet.prefab
  artifactKey: Guid(e8e41ab9eb069a3418e6a1cd13465fff) Importer(815301076,1909f56bfc062723c751e8b465ee728b)
Start importing Assets/Polytope Studio/Lowpoly_Characters/Prefabs/Modular_Armors/Separate_Parts/PT_Female_Armor_01_A_helmet.prefab using Guid(e8e41ab9eb069a3418e6a1cd13465fff) Importer(815301076,1909f56bfc062723c751e8b465ee728b)  -> (artifact id: '8b387a4c8e04776830ea97b4f2b0c246') in 0.044502 seconds 
========================================================================
Received Import Request.
  Time since last request: 0.000044 seconds.
  path: Assets/Polytope Studio/Lowpoly_Characters/Prefabs/Modular_Armors/Separate_Parts/PT_Female_Armor_naked_body.prefab
  artifactKey: Guid(596f1b103f49dbf4b861ef47c721dcc3) Importer(815301076,1909f56bfc062723c751e8b465ee728b)
Start importing Assets/Polytope Studio/Lowpoly_Characters/Prefabs/Modular_Armors/Separate_Parts/PT_Female_Armor_naked_body.prefab using Guid(596f1b103f49dbf4b861ef47c721dcc3) Importer(815301076,1909f56bfc062723c751e8b465ee728b)  -> (artifact id: '6aa56e465a5b71f901dc2242d5f8469d') in 0.050421 seconds 
========================================================================
Received Import Request.
  Time since last request: 0.000039 seconds.
  path: Assets/Polytope Studio/Lowpoly_Characters/Prefabs/Modular_Armors/Separate_Parts/PT_Male_Armor_naked_00_gauntlets.prefab
  artifactKey: Guid(698825c61ebeb0a46a328bf3d2318532) Importer(815301076,1909f56bfc062723c751e8b465ee728b)
Start importing Assets/Polytope Studio/Lowpoly_Characters/Prefabs/Modular_Armors/Separate_Parts/PT_Male_Armor_naked_00_gauntlets.prefab using Guid(698825c61ebeb0a46a328bf3d2318532) Importer(815301076,1909f56bfc062723c751e8b465ee728b)  -> (artifact id: '02c182b743cc3a9a8fc59b4205cf4940') in 0.043339 seconds 
========================================================================
Received Import Request.
  Time since last request: 0.000047 seconds.
  path: Assets/Polytope Studio/Lowpoly_Characters/Sources
  artifactKey: Guid(36d3a0c50257d814e99182d79c84b727) Importer(815301076,1909f56bfc062723c751e8b465ee728b)
Start importing Assets/Polytope Studio/Lowpoly_Characters/Sources using Guid(36d3a0c50257d814e99182d79c84b727) Importer(815301076,1909f56bfc062723c751e8b465ee728b)  -> (artifact id: '5a66f13de535bf408efdc4a3e2daabb8') in 0.013044 seconds 
========================================================================
Received Import Request.
  Time since last request: 0.000056 seconds.
  path: Assets/Polytope Studio/Lowpoly_Characters/Prefabs/Modular_Armors/Separate_Parts/PT_Male_Armor_naked_00_body.prefab
  artifactKey: Guid(7133886e18fde26488a57d3a48f7eebd) Importer(815301076,1909f56bfc062723c751e8b465ee728b)
Start importing Assets/Polytope Studio/Lowpoly_Characters/Prefabs/Modular_Armors/Separate_Parts/PT_Male_Armor_naked_00_body.prefab using Guid(7133886e18fde26488a57d3a48f7eebd) Importer(815301076,1909f56bfc062723c751e8b465ee728b)  -> (artifact id: '0eb9029660b0efefc8c4ec9da4c45de3') in 0.045673 seconds 
========================================================================
Received Import Request.
  Time since last request: 0.000036 seconds.
  path: Assets/Polytope Studio/Lowpoly_Characters/Prefabs/Modular_Armors/Separate_Parts/PT_Male_Armor_01_A_cape.prefab
  artifactKey: Guid(b1d4a01b6bf13a641aa692b30a91e0a0) Importer(815301076,1909f56bfc062723c751e8b465ee728b)
Start importing Assets/Polytope Studio/Lowpoly_Characters/Prefabs/Modular_Armors/Separate_Parts/PT_Male_Armor_01_A_cape.prefab using Guid(b1d4a01b6bf13a641aa692b30a91e0a0) Importer(815301076,1909f56bfc062723c751e8b465ee728b)  -> (artifact id: '847059cf8daec816d01cb6a5dd1d8ef8') in 0.041949 seconds 
========================================================================
Received Import Request.
  Time since last request: 0.000030 seconds.
  path: Assets/Polytope Studio/Lowpoly_Characters/Prefabs/Modular_Armors/Separate_Parts/PT_Male_Armor_cloth_00_body.prefab
  artifactKey: Guid(f5281e2677a8f104facf37eb878ceb30) Importer(815301076,1909f56bfc062723c751e8b465ee728b)
Start importing Assets/Polytope Studio/Lowpoly_Characters/Prefabs/Modular_Armors/Separate_Parts/PT_Male_Armor_cloth_00_body.prefab using Guid(f5281e2677a8f104facf37eb878ceb30) Importer(815301076,1909f56bfc062723c751e8b465ee728b)  -> (artifact id: 'b3af82f87eb36fba1cfa05862fdf820b') in 0.038703 seconds 
========================================================================
Received Import Request.
  Time since last request: 0.000070 seconds.
  path: Assets/Polytope Studio/Lowpoly_Characters/Prefabs/Modular_Armors/Separate_Parts/PT_Female_Armor_naked_gauntlets.prefab
  artifactKey: Guid(9774cd6244381e74580570869f544432) Importer(815301076,1909f56bfc062723c751e8b465ee728b)
Start importing Assets/Polytope Studio/Lowpoly_Characters/Prefabs/Modular_Armors/Separate_Parts/PT_Female_Armor_naked_gauntlets.prefab using Guid(9774cd6244381e74580570869f544432) Importer(815301076,1909f56bfc062723c751e8b465ee728b)  -> (artifact id: '0aeeaef57606c5a61e85cdac491d9214') in 0.043851 seconds 
========================================================================
Received Import Request.
  Time since last request: 0.000056 seconds.
  path: Assets/Polytope Studio/Lowpoly_Characters/Prefabs/Modular_Armors/Separate_Parts/PT_Male_Armor_cloth_00_gauntlets.prefab
  artifactKey: Guid(1a4b695fc52d58f459ed3e85be7b52e8) Importer(815301076,1909f56bfc062723c751e8b465ee728b)
Start importing Assets/Polytope Studio/Lowpoly_Characters/Prefabs/Modular_Armors/Separate_Parts/PT_Male_Armor_cloth_00_gauntlets.prefab using Guid(1a4b695fc52d58f459ed3e85be7b52e8) Importer(815301076,1909f56bfc062723c751e8b465ee728b)  -> (artifact id: '3954063d088cdc828f3ddd107ab39725') in 0.043752 seconds 
========================================================================
Received Import Request.
  Time since last request: 0.000056 seconds.
  path: Assets/Polytope Studio/Lowpoly_Characters/SRP/PT_Armors_Free_URP_10.10.1.unitypackage
  artifactKey: Guid(91f3da91f065d4e478d0211a5a2a6fb5) Importer(815301076,1909f56bfc062723c751e8b465ee728b)
Start importing Assets/Polytope Studio/Lowpoly_Characters/SRP/PT_Armors_Free_URP_10.10.1.unitypackage using Guid(91f3da91f065d4e478d0211a5a2a6fb5) Importer(815301076,1909f56bfc062723c751e8b465ee728b)  -> (artifact id: '113da4e4b453ab80bdcbced3d3646d21') in 0.020161 seconds 
========================================================================
Received Import Request.
  Time since last request: 0.000057 seconds.
  path: Assets/Polytope Studio/Lowpoly_Characters/Prefabs/Modular_Armors/Separate_Parts/PT_Male_Armor_naked_00_legs.prefab
  artifactKey: Guid(8d6125416b1a48943a8b697de8836b39) Importer(815301076,1909f56bfc062723c751e8b465ee728b)
Start importing Assets/Polytope Studio/Lowpoly_Characters/Prefabs/Modular_Armors/Separate_Parts/PT_Male_Armor_naked_00_legs.prefab using Guid(8d6125416b1a48943a8b697de8836b39) Importer(815301076,1909f56bfc062723c751e8b465ee728b)  -> (artifact id: '539bb89607eec874eb9f038108175a7a') in 0.040457 seconds 
========================================================================
Received Import Request.
  Time since last request: 0.000028 seconds.
  path: Assets/Polytope Studio/Lowpoly_Characters/Animations/PT_Armor_anim_controller.controller
  artifactKey: Guid(1d6615e592724564e836d1a9f0071e48) Importer(815301076,1909f56bfc062723c751e8b465ee728b)
Start importing Assets/Polytope Studio/Lowpoly_Characters/Animations/PT_Armor_anim_controller.controller using Guid(1d6615e592724564e836d1a9f0071e48) Importer(815301076,1909f56bfc062723c751e8b465ee728b)  -> (artifact id: 'b3fa14f3bc59cdcf432a78529f150740') in 0.025295 seconds 
========================================================================
Received Import Request.
  Time since last request: 0.000025 seconds.
  path: Assets/Polytope Studio/Lowpoly_Characters/Prefabs/Modular_Armors/Separate_Parts/PT_Female_Armor_01_A_gauntlets.prefab
  artifactKey: Guid(b1225e6c0defe9b429f977855d40ec1a) Importer(815301076,1909f56bfc062723c751e8b465ee728b)
Start importing Assets/Polytope Studio/Lowpoly_Characters/Prefabs/Modular_Armors/Separate_Parts/PT_Female_Armor_01_A_gauntlets.prefab using Guid(b1225e6c0defe9b429f977855d40ec1a) Importer(815301076,1909f56bfc062723c751e8b465ee728b)  -> (artifact id: '60d8b2d4b151aa950bc77ee2dde7fa1e') in 0.041470 seconds 
========================================================================
Received Import Request.
  Time since last request: 0.000031 seconds.
  path: Assets/Polytope Studio/Lowpoly_Characters/Prefabs/Modular_Armors/Separate_Parts/PT_Female_Armor_naked_legs.prefab
  artifactKey: Guid(459543e42be4a9047b9419b14dee9b79) Importer(815301076,1909f56bfc062723c751e8b465ee728b)
Start importing Assets/Polytope Studio/Lowpoly_Characters/Prefabs/Modular_Armors/Separate_Parts/PT_Female_Armor_naked_legs.prefab using Guid(459543e42be4a9047b9419b14dee9b79) Importer(815301076,1909f56bfc062723c751e8b465ee728b)  -> (artifact id: '2b4158c1bca44f0b58f2e6a0e567f5e8') in 0.054583 seconds 
========================================================================
Received Import Request.
  Time since last request: 0.000103 seconds.
  path: Assets/Polytope Studio/Lowpoly_Characters/Prefabs/Modular_Armors/Separate_Parts/PT_Female_Armor_hair_30.prefab
  artifactKey: Guid(df4b472a9d5edf54f8dafddda0d43a07) Importer(815301076,1909f56bfc062723c751e8b465ee728b)
Start importing Assets/Polytope Studio/Lowpoly_Characters/Prefabs/Modular_Armors/Separate_Parts/PT_Female_Armor_hair_30.prefab using Guid(df4b472a9d5edf54f8dafddda0d43a07) Importer(815301076,1909f56bfc062723c751e8b465ee728b)  -> (artifact id: 'c0d263194fb8f8f463b3bdeebed9bee7') in 0.041518 seconds 
========================================================================
Received Import Request.
  Time since last request: 0.000038 seconds.
  path: Assets/Polytope Studio/Lowpoly_Characters/Prefabs/Modular_Armors/Separate_Parts/PT_Female_Armor_05_C_gauntlets.prefab
  artifactKey: Guid(6c707ebfc2971b640b99a855617073c3) Importer(815301076,1909f56bfc062723c751e8b465ee728b)
Start importing Assets/Polytope Studio/Lowpoly_Characters/Prefabs/Modular_Armors/Separate_Parts/PT_Female_Armor_05_C_gauntlets.prefab using Guid(6c707ebfc2971b640b99a855617073c3) Importer(815301076,1909f56bfc062723c751e8b465ee728b)  -> (artifact id: '97a5adfd5b9eb5ff2858559a1aaed8c9') in 0.040992 seconds 
========================================================================
Received Import Request.
  Time since last request: 0.000026 seconds.
  path: Assets/Polytope Studio/Lowpoly_Characters/Prefabs/Modular_Armors/Separate_Parts/PT_Male_Armor_beard_01.prefab
  artifactKey: Guid(ff7c9d1e8e8e3524294914d7258eec99) Importer(815301076,1909f56bfc062723c751e8b465ee728b)
Start importing Assets/Polytope Studio/Lowpoly_Characters/Prefabs/Modular_Armors/Separate_Parts/PT_Male_Armor_beard_01.prefab using Guid(ff7c9d1e8e8e3524294914d7258eec99) Importer(815301076,1909f56bfc062723c751e8b465ee728b)  -> (artifact id: '1d35541f201b7b4bd03e350077ea1802') in 0.034901 seconds 
========================================================================
Received Prepare
Registering precompiled user dll's ...
Registered in 0.011567 seconds.
Begin MonoManager ReloadAssembly
Symbol file LoadedFromMemory doesn't match image D:\hub\Unity\RPG3D\Fantasy_RPG\Fantasy_RPG\Library\PackageCache\com.unity.visualscripting@1.7.8\Editor\VisualScripting.Core\Dependencies\YamlDotNet\Unity.VisualScripting.YamlDotNet.dll
Symbol file LoadedFromMemory doesn't match image D:\hub\Unity\RPG3D\Fantasy_RPG\Fantasy_RPG\Library\PackageCache\com.unity.visualscripting@1.7.8\Editor\VisualScripting.Core\Dependencies\DotNetZip\Unity.VisualScripting.IonicZip.dll
Native extension for WindowsStandalone target not found
Native extension for Android target not found
Refreshing native plugins compatible for Editor in 2.09 ms, found 3 plugins.
Preloading 0 native plugins for Editor in 0.00 ms.
Mono: successfully reloaded assembly
- Completed reload, in  2.480 seconds
Domain Reload Profiling:
	ReloadAssembly (2482ms)
		BeginReloadAssembly (364ms)
			ExecutionOrderSort (0ms)
			DisableScriptedObjects (6ms)
			BackupInstance (0ms)
			ReleaseScriptingObjects (0ms)
			CreateAndSetChildDomain (67ms)
		EndReloadAssembly (1877ms)
			LoadAssemblies (354ms)
			RebuildTransferFunctionScriptingTraits (0ms)
			SetupTypeCache (560ms)
			ReleaseScriptCaches (3ms)
			RebuildScriptCaches (87ms)
			SetupLoadedEditorAssemblies (878ms)
				LogAssemblyErrors (0ms)
				InitializePlatformSupportModulesInManaged (58ms)
				SetLoadedEditorAssemblies (1ms)
				RefreshPlugins (2ms)
				BeforeProcessingInitializeOnLoad (148ms)
				ProcessInitializeOnLoadAttributes (604ms)
				ProcessInitializeOnLoadMethodAttributes (37ms)
				AfterProcessingInitializeOnLoad (28ms)
				EditorAssembliesLoaded (0ms)
			ExecutionOrderSort2 (0ms)
			AwakeInstancesAfterBackupRestoration (32ms)
Platform modules already initialized, skipping
Refreshing native plugins compatible for Editor in 3.60 ms, found 3 plugins.
Preloading 0 native plugins for Editor in 0.00 ms.
Unloading 3448 Unused Serialized files (Serialized files now loaded: 0)
Unloading 20 unused Assets / (79.6 KB). Loaded Objects now: 3934.
Memory consumption went from 160.0 MB to 159.9 MB.
Total: 5.720200 ms (FindLiveObjects: 0.608700 ms CreateObjectMapping: 0.432700 ms MarkObjects: 4.467800 ms  DeleteObjects: 0.209500 ms)

AssetImportParameters requested are different than current active one (requested -> active):
  custom:video-decoder-ogg-theora: a1e56fd34408186e4bbccfd4996cb3dc -> 
  custom:container-muxer-webm: aa71ff27fc2769a1b78a27578f13a17b -> 
  custom:container-demuxer-webm: 4f35f7cbe854078d1ac9338744f61a02 -> 
  custom:video-encoder-webm-vp8: eb34c28f22e8b96e1ab97ce403110664 -> 
  custom:audio-encoder-webm-vorbis: bf7c407c2cedff20999df2af8eb42d56 -> 
  custom:framework-win-MediaFoundation: 216162199b28c13a410421893ffa2e32 -> 
  custom:container-demuxer-ogg: 62fdf1f143b41e24485cea50d1cbac27 -> 
  custom:video-decoder-webm-vp8: 9c59270c3fd7afecdb556c50c9e8de78 -> 
  custom:audio-decoder-ogg-vorbis: bf7c407c2cedff20999df2af8eb42d56 -> 
========================================================================
Received Import Request.
  Time since last request: 361.708553 seconds.
  path: Assets/Polytope Studio/Lowpoly_Weapons/Animations/PT_Bow_01_anim.fbx
  artifactKey: Guid(d1aa0f1723229f343af5a87ebe6aa65a) Importer(815301076,1909f56bfc062723c751e8b465ee728b)
Start importing Assets/Polytope Studio/Lowpoly_Weapons/Animations/PT_Bow_01_anim.fbx using Guid(d1aa0f1723229f343af5a87ebe6aa65a) Importer(815301076,1909f56bfc062723c751e8b465ee728b)  -> (artifact id: 'efc855eba953c328c6027454317a9ab6') in 0.090781 seconds 
========================================================================
Received Import Request.
  Time since last request: 0.000044 seconds.
  path: Assets/Polytope Studio/Lowpoly_Weapons/Animations/PT_Bow_04_anim.fbx
  artifactKey: Guid(4b59ad7d12df6444c9fe5a31f4439ff0) Importer(815301076,1909f56bfc062723c751e8b465ee728b)
Start importing Assets/Polytope Studio/Lowpoly_Weapons/Animations/PT_Bow_04_anim.fbx using Guid(4b59ad7d12df6444c9fe5a31f4439ff0) Importer(815301076,1909f56bfc062723c751e8b465ee728b)  -> (artifact id: '87256aa14777bce830e363981063d38e') in 0.027645 seconds 
========================================================================
Received Import Request.
  Time since last request: 0.000037 seconds.
  path: Assets/Polytope Studio/Lowpoly_Weapons/Animations/PT_Bow_03_anim.fbx
  artifactKey: Guid(85c2da5719958a8488eebf866496bbd9) Importer(815301076,1909f56bfc062723c751e8b465ee728b)
Start importing Assets/Polytope Studio/Lowpoly_Weapons/Animations/PT_Bow_03_anim.fbx using Guid(85c2da5719958a8488eebf866496bbd9) Importer(815301076,1909f56bfc062723c751e8b465ee728b)  -> (artifact id: '0d1cd6426905d87f59c0488b9fb370f2') in 0.037884 seconds 
========================================================================
Received Import Request.
  Time since last request: 4.633058 seconds.
  path: Assets/Polytope Studio/Lowpoly_Weapons/Prefabs/PT_Arrow_03_a.prefab
  artifactKey: Guid(e3787be58bd99af49b6d984cca640c3b) Importer(815301076,1909f56bfc062723c751e8b465ee728b)
Start importing Assets/Polytope Studio/Lowpoly_Weapons/Prefabs/PT_Arrow_03_a.prefab using Guid(e3787be58bd99af49b6d984cca640c3b) Importer(815301076,1909f56bfc062723c751e8b465ee728b)  -> (artifact id: '817e3b0341e4dafa20cad33d870cc8e1') in 0.610865 seconds 
========================================================================
Received Import Request.
  Time since last request: 0.000039 seconds.
  path: Assets/Polytope Studio/Lowpoly_Weapons/Prefabs/PT_Shield_01_a.prefab
  artifactKey: Guid(3f1bf1eb280a42941acb0134eccf563b) Importer(815301076,1909f56bfc062723c751e8b465ee728b)
Start importing Assets/Polytope Studio/Lowpoly_Weapons/Prefabs/PT_Shield_01_a.prefab using Guid(3f1bf1eb280a42941acb0134eccf563b) Importer(815301076,1909f56bfc062723c751e8b465ee728b)  -> (artifact id: '65f4b5500b8069550b97c2ba543206f7') in 0.057142 seconds 
========================================================================
Received Import Request.
  Time since last request: 0.000039 seconds.
  path: Assets/Polytope Studio/Lowpoly_Weapons/Prefabs/PT_Sword_01_a.prefab
  artifactKey: Guid(39ec6af3eb8c70848b3da75dbf39628f) Importer(815301076,1909f56bfc062723c751e8b465ee728b)
Start importing Assets/Polytope Studio/Lowpoly_Weapons/Prefabs/PT_Sword_01_a.prefab using Guid(39ec6af3eb8c70848b3da75dbf39628f) Importer(815301076,1909f56bfc062723c751e8b465ee728b)  -> (artifact id: '8d53bb13025579b883e0bd4ef60edf36') in 0.038909 seconds 
========================================================================
Received Import Request.
  Time since last request: 0.000049 seconds.
  path: Assets/Polytope Studio/Lowpoly_Weapons/Prefabs/PT_Shield_19_a.prefab
  artifactKey: Guid(b7f0edf49b0582c428fe30ccbd831a2b) Importer(815301076,1909f56bfc062723c751e8b465ee728b)
Start importing Assets/Polytope Studio/Lowpoly_Weapons/Prefabs/PT_Shield_19_a.prefab using Guid(b7f0edf49b0582c428fe30ccbd831a2b) Importer(815301076,1909f56bfc062723c751e8b465ee728b)  -> (artifact id: '23f3253ca9e314ee069bd098cc07cfdf') in 0.057850 seconds 
========================================================================
Received Import Request.
  Time since last request: 0.000070 seconds.
  path: Assets/Polytope Studio/Lowpoly_Weapons/Prefabs/PT_Quiver_01_a.prefab
  artifactKey: Guid(5a8e3e860375280488cd399e2e732054) Importer(815301076,1909f56bfc062723c751e8b465ee728b)
Start importing Assets/Polytope Studio/Lowpoly_Weapons/Prefabs/PT_Quiver_01_a.prefab using Guid(5a8e3e860375280488cd399e2e732054) Importer(815301076,1909f56bfc062723c751e8b465ee728b)  -> (artifact id: 'df550f4bb26881e07f7cdf432419edc3') in 0.037646 seconds 
========================================================================
Received Prepare
Registering precompiled user dll's ...
Registered in 0.015579 seconds.
Begin MonoManager ReloadAssembly
Symbol file LoadedFromMemory doesn't match image D:\hub\Unity\RPG3D\Fantasy_RPG\Fantasy_RPG\Library\PackageCache\com.unity.visualscripting@1.7.8\Editor\VisualScripting.Core\Dependencies\YamlDotNet\Unity.VisualScripting.YamlDotNet.dll
Symbol file LoadedFromMemory doesn't match image D:\hub\Unity\RPG3D\Fantasy_RPG\Fantasy_RPG\Library\PackageCache\com.unity.visualscripting@1.7.8\Editor\VisualScripting.Core\Dependencies\DotNetZip\Unity.VisualScripting.IonicZip.dll
Native extension for WindowsStandalone target not found
Native extension for Android target not found
Refreshing native plugins compatible for Editor in 0.60 ms, found 3 plugins.
Preloading 0 native plugins for Editor in 0.00 ms.
Mono: successfully reloaded assembly
- Completed reload, in  1.551 seconds
Domain Reload Profiling:
	ReloadAssembly (1552ms)
		BeginReloadAssembly (288ms)
			ExecutionOrderSort (0ms)
			DisableScriptedObjects (6ms)
			BackupInstance (0ms)
			ReleaseScriptingObjects (0ms)
			CreateAndSetChildDomain (65ms)
		EndReloadAssembly (1090ms)
			LoadAssemblies (226ms)
			RebuildTransferFunctionScriptingTraits (0ms)
			SetupTypeCache (350ms)
			ReleaseScriptCaches (2ms)
			RebuildScriptCaches (55ms)
			SetupLoadedEditorAssemblies (481ms)
				LogAssemblyErrors (0ms)
				InitializePlatformSupportModulesInManaged (35ms)
				SetLoadedEditorAssemblies (1ms)
				RefreshPlugins (1ms)
				BeforeProcessingInitializeOnLoad (107ms)
				ProcessInitializeOnLoadAttributes (272ms)
				ProcessInitializeOnLoadMethodAttributes (38ms)
				AfterProcessingInitializeOnLoad (27ms)
				EditorAssembliesLoaded (0ms)
			ExecutionOrderSort2 (0ms)
			AwakeInstancesAfterBackupRestoration (20ms)
Platform modules already initialized, skipping
Refreshing native plugins compatible for Editor in 3.71 ms, found 3 plugins.
Preloading 0 native plugins for Editor in 0.00 ms.
Unloading 3448 Unused Serialized files (Serialized files now loaded: 0)
Unloading 20 unused Assets / (79.5 KB). Loaded Objects now: 3937.
Memory consumption went from 160.0 MB to 160.0 MB.
Total: 4.053500 ms (FindLiveObjects: 0.566900 ms CreateObjectMapping: 0.347400 ms MarkObjects: 3.023300 ms  DeleteObjects: 0.114600 ms)

AssetImportParameters requested are different than current active one (requested -> active):
  custom:video-decoder-ogg-theora: a1e56fd34408186e4bbccfd4996cb3dc -> 
  custom:container-muxer-webm: aa71ff27fc2769a1b78a27578f13a17b -> 
  custom:container-demuxer-webm: 4f35f7cbe854078d1ac9338744f61a02 -> 
  custom:video-encoder-webm-vp8: eb34c28f22e8b96e1ab97ce403110664 -> 
  custom:audio-encoder-webm-vorbis: bf7c407c2cedff20999df2af8eb42d56 -> 
  custom:framework-win-MediaFoundation: 216162199b28c13a410421893ffa2e32 -> 
  custom:container-demuxer-ogg: 62fdf1f143b41e24485cea50d1cbac27 -> 
  custom:video-decoder-webm-vp8: 9c59270c3fd7afecdb556c50c9e8de78 -> 
  custom:audio-decoder-ogg-vorbis: bf7c407c2cedff20999df2af8eb42d56 -> 
