Using pre-set license
Built from '2021.3/staging' branch; Version is '2021.3.8f1 (b30333d56e81) revision 11731763'; Using compiler version '192829333'; Build Type 'Release'
OS: 'Windows 10  (10.0.19045) 64bit Core' Language: 'ko' Physical Memory: 8067 MB
BatchMode: 1, IsHumanControllingUs: 0, StartBugReporterOnCrash: 0, Is64bit: 1, IsPro: 1

COMMAND LINE ARGUMENTS:
C:\Program Files\Unity\Hub\Editor\2021.3.8f1\Editor\Unity.exe
-adb2
-batchMode
-noUpm
-name
AssetImportWorker6
-projectPath
D:/hub/Unity/RPG3D/Fantasy_RPG/Fantasy_RPG
-logFile
Logs/AssetImportWorker6.log
-srvPort
60986
Successfully changed project path to: D:/hub/Unity/RPG3D/Fantasy_RPG/Fantasy_RPG
D:/hub/Unity/RPG3D/Fantasy_RPG/Fantasy_RPG
[UnityMemory] Configuration Parameters - Can be set up in boot.config
    "memorysetup-bucket-allocator-granularity=16"
    "memorysetup-bucket-allocator-bucket-count=8"
    "memorysetup-bucket-allocator-block-size=33554432"
    "memorysetup-bucket-allocator-block-count=8"
    "memorysetup-main-allocator-block-size=16777216"
    "memorysetup-thread-allocator-block-size=16777216"
    "memorysetup-gfx-main-allocator-block-size=16777216"
    "memorysetup-gfx-thread-allocator-block-size=16777216"
    "memorysetup-cache-allocator-block-size=4194304"
    "memorysetup-typetree-allocator-block-size=2097152"
    "memorysetup-profiler-bucket-allocator-granularity=16"
    "memorysetup-profiler-bucket-allocator-bucket-count=8"
    "memorysetup-profiler-bucket-allocator-block-size=33554432"
    "memorysetup-profiler-bucket-allocator-block-count=8"
    "memorysetup-profiler-allocator-block-size=16777216"
    "memorysetup-profiler-editor-allocator-block-size=1048576"
    "memorysetup-temp-allocator-size-main=16777216"
    "memorysetup-job-temp-allocator-block-size=2097152"
    "memorysetup-job-temp-allocator-block-size-background=1048576"
    "memorysetup-job-temp-allocator-reduction-small-platforms=262144"
    "memorysetup-temp-allocator-size-background-worker=32768"
    "memorysetup-temp-allocator-size-job-worker=262144"
    "memorysetup-temp-allocator-size-preload-manager=33554432"
    "memorysetup-temp-allocator-size-nav-mesh-worker=65536"
    "memorysetup-temp-allocator-size-audio-worker=65536"
    "memorysetup-temp-allocator-size-cloud-worker=32768"
    "memorysetup-temp-allocator-size-gi-baking-worker=262144"
    "memorysetup-temp-allocator-size-gfx=262144"
Refreshing native plugins compatible for Editor in 130.83 ms, found 3 plugins.
Preloading 0 native plugins for Editor in 0.00 ms.
Initialize engine version: 2021.3.8f1 (b30333d56e81)
[Subsystems] Discovering subsystems at path C:/Program Files/Unity/Hub/Editor/2021.3.8f1/Editor/Data/Resources/UnitySubsystems
[Subsystems] Discovering subsystems at path D:/hub/Unity/RPG3D/Fantasy_RPG/Fantasy_RPG/Assets
GfxDevice: creating device client; threaded=0; jobified=0
Direct3D:
    Version:  Direct3D 11.0 [level 11.1]
    Renderer: NVIDIA GeForce GTX 1050 Ti (ID=0x1c8c)
    Vendor:   NVIDIA
    VRAM:     4019 MB
    Driver:   31.0.15.2849
Initialize mono
Mono path[0] = 'C:/Program Files/Unity/Hub/Editor/2021.3.8f1/Editor/Data/Managed'
Mono path[1] = 'C:/Program Files/Unity/Hub/Editor/2021.3.8f1/Editor/Data/MonoBleedingEdge/lib/mono/unityjit-win32'
Mono config path = 'C:/Program Files/Unity/Hub/Editor/2021.3.8f1/Editor/Data/MonoBleedingEdge/etc'
Using monoOptions --debugger-agent=transport=dt_socket,embedding=1,server=y,suspend=n,address=127.0.0.1:56596
Begin MonoManager ReloadAssembly
Registering precompiled unity dll's ...
Register platform support module: C:/Program Files/Unity/Hub/Editor/2021.3.8f1/Editor/Data/PlaybackEngines/AndroidPlayer/UnityEditor.Android.Extensions.dll
Register platform support module: C:/Program Files/Unity/Hub/Editor/2021.3.8f1/Editor/Data/PlaybackEngines/WindowsStandaloneSupport/UnityEditor.WindowsStandalone.Extensions.dll
Registered in 0.026234 seconds.
Native extension for WindowsStandalone target not found
Native extension for Android target not found
Refreshing native plugins compatible for Editor in 102.26 ms, found 3 plugins.
Preloading 0 native plugins for Editor in 0.00 ms.
Mono: successfully reloaded assembly
- Completed reload, in  1.038 seconds
Domain Reload Profiling:
	ReloadAssembly (1039ms)
		BeginReloadAssembly (159ms)
			ExecutionOrderSort (0ms)
			DisableScriptedObjects (0ms)
			BackupInstance (0ms)
			ReleaseScriptingObjects (0ms)
			CreateAndSetChildDomain (1ms)
		EndReloadAssembly (687ms)
			LoadAssemblies (153ms)
			RebuildTransferFunctionScriptingTraits (0ms)
			SetupTypeCache (155ms)
			ReleaseScriptCaches (0ms)
			RebuildScriptCaches (37ms)
			SetupLoadedEditorAssemblies (418ms)
				LogAssemblyErrors (0ms)
				InitializePlatformSupportModulesInManaged (83ms)
				SetLoadedEditorAssemblies (0ms)
				RefreshPlugins (102ms)
				BeforeProcessingInitializeOnLoad (1ms)
				ProcessInitializeOnLoadAttributes (149ms)
				ProcessInitializeOnLoadMethodAttributes (82ms)
				AfterProcessingInitializeOnLoad (0ms)
				EditorAssembliesLoaded (0ms)
			ExecutionOrderSort2 (0ms)
			AwakeInstancesAfterBackupRestoration (0ms)
Platform modules already initialized, skipping
Registering precompiled user dll's ...
Registered in 0.011557 seconds.
Begin MonoManager ReloadAssembly
Symbol file LoadedFromMemory doesn't match image D:\hub\Unity\RPG3D\Fantasy_RPG\Fantasy_RPG\Library\PackageCache\com.unity.visualscripting@1.7.8\Editor\VisualScripting.Core\Dependencies\YamlDotNet\Unity.VisualScripting.YamlDotNet.dll
Symbol file LoadedFromMemory doesn't match image D:\hub\Unity\RPG3D\Fantasy_RPG\Fantasy_RPG\Library\PackageCache\com.unity.visualscripting@1.7.8\Editor\VisualScripting.Core\Dependencies\DotNetZip\Unity.VisualScripting.IonicZip.dll
Native extension for WindowsStandalone target not found
Native extension for Android target not found
Refreshing native plugins compatible for Editor in 0.68 ms, found 3 plugins.
Preloading 0 native plugins for Editor in 0.00 ms.
Mono: successfully reloaded assembly
- Completed reload, in  1.799 seconds
Domain Reload Profiling:
	ReloadAssembly (1800ms)
		BeginReloadAssembly (336ms)
			ExecutionOrderSort (0ms)
			DisableScriptedObjects (10ms)
			BackupInstance (0ms)
			ReleaseScriptingObjects (0ms)
			CreateAndSetChildDomain (143ms)
		EndReloadAssembly (1266ms)
			LoadAssemblies (196ms)
			RebuildTransferFunctionScriptingTraits (0ms)
			SetupTypeCache (370ms)
			ReleaseScriptCaches (1ms)
			RebuildScriptCaches (77ms)
			SetupLoadedEditorAssemblies (598ms)
				LogAssemblyErrors (0ms)
				InitializePlatformSupportModulesInManaged (29ms)
				SetLoadedEditorAssemblies (1ms)
				RefreshPlugins (1ms)
				BeforeProcessingInitializeOnLoad (144ms)
				ProcessInitializeOnLoadAttributes (350ms)
				ProcessInitializeOnLoadMethodAttributes (43ms)
				AfterProcessingInitializeOnLoad (30ms)
				EditorAssembliesLoaded (0ms)
			ExecutionOrderSort2 (0ms)
			AwakeInstancesAfterBackupRestoration (23ms)
Platform modules already initialized, skipping
========================================================================
Worker process is ready to serve import requests
Launched and connected shader compiler UnityShaderCompiler.exe after 0.10 seconds
Refreshing native plugins compatible for Editor in 1.23 ms, found 3 plugins.
Preloading 0 native plugins for Editor in 0.00 ms.
Unloading 3462 Unused Serialized files (Serialized files now loaded: 0)
Unloading 27 unused Assets / (111.9 KB). Loaded Objects now: 3922.
Memory consumption went from 142.8 MB to 142.7 MB.
Total: 6.630200 ms (FindLiveObjects: 0.652100 ms CreateObjectMapping: 0.646600 ms MarkObjects: 5.143300 ms  DeleteObjects: 0.186700 ms)

AssetImportParameters requested are different than current active one (requested -> active):
  custom:video-decoder-ogg-theora: a1e56fd34408186e4bbccfd4996cb3dc -> 
  custom:container-muxer-webm: aa71ff27fc2769a1b78a27578f13a17b -> 
  custom:container-demuxer-webm: 4f35f7cbe854078d1ac9338744f61a02 -> 
  custom:video-encoder-webm-vp8: eb34c28f22e8b96e1ab97ce403110664 -> 
  custom:audio-encoder-webm-vorbis: bf7c407c2cedff20999df2af8eb42d56 -> 
  custom:framework-win-MediaFoundation: 216162199b28c13a410421893ffa2e32 -> 
  custom:container-demuxer-ogg: 62fdf1f143b41e24485cea50d1cbac27 -> 
  custom:video-decoder-webm-vp8: 9c59270c3fd7afecdb556c50c9e8de78 -> 
  custom:audio-decoder-ogg-vorbis: bf7c407c2cedff20999df2af8eb42d56 -> 
========================================================================
Received Import Request.
  Time since last request: 571015.336862 seconds.
  path: Assets/Polytope Studio/Lowpoly_Characters/Prefabs/Modular_Armors/Separate_Parts/PT_Male_Armor_05_C_gauntlets.prefab
  artifactKey: Guid(9a2e80b0b124a7e4eb385ada60e70c0f) Importer(815301076,1909f56bfc062723c751e8b465ee728b)
Start importing Assets/Polytope Studio/Lowpoly_Characters/Prefabs/Modular_Armors/Separate_Parts/PT_Male_Armor_05_C_gauntlets.prefab using Guid(9a2e80b0b124a7e4eb385ada60e70c0f) Importer(815301076,1909f56bfc062723c751e8b465ee728b)  -> (artifact id: '16dce7353238c728e65abe8ea7350725') in 0.290527 seconds 
========================================================================
Received Import Request.
  Time since last request: 0.000052 seconds.
  path: Assets/Polytope Studio/Lowpoly_Characters/Prefabs/Modular_Armors/Separate_Parts/PT_Female_Armor_hair_01.prefab
  artifactKey: Guid(ad48be65910f9d94a9fbf1eda0da1ef8) Importer(815301076,1909f56bfc062723c751e8b465ee728b)
Start importing Assets/Polytope Studio/Lowpoly_Characters/Prefabs/Modular_Armors/Separate_Parts/PT_Female_Armor_hair_01.prefab using Guid(ad48be65910f9d94a9fbf1eda0da1ef8) Importer(815301076,1909f56bfc062723c751e8b465ee728b)  -> (artifact id: '911d6fc8380ab02dc9508ae66c88613e') in 0.049616 seconds 
========================================================================
Received Import Request.
  Time since last request: 0.000053 seconds.
  path: Assets/Polytope Studio/Lowpoly_Characters/Prefabs/Modular_Armors/Separate_Parts/PT_Male_Armor_beard_20.prefab
  artifactKey: Guid(b7379adcfd7bfc1479ada4be6e741a1f) Importer(815301076,1909f56bfc062723c751e8b465ee728b)
Start importing Assets/Polytope Studio/Lowpoly_Characters/Prefabs/Modular_Armors/Separate_Parts/PT_Male_Armor_beard_20.prefab using Guid(b7379adcfd7bfc1479ada4be6e741a1f) Importer(815301076,1909f56bfc062723c751e8b465ee728b)  -> (artifact id: 'ee7ac230e1b6032ab630c241b0552b2b') in 0.049689 seconds 
========================================================================
Received Import Request.
  Time since last request: 0.000048 seconds.
  path: Assets/Polytope Studio/Lowpoly_Characters/Prefabs/Modular_Armors/Separate_Parts
  artifactKey: Guid(1041fe8385ada9b4c8258e2300b1187f) Importer(815301076,1909f56bfc062723c751e8b465ee728b)
Start importing Assets/Polytope Studio/Lowpoly_Characters/Prefabs/Modular_Armors/Separate_Parts using Guid(1041fe8385ada9b4c8258e2300b1187f) Importer(815301076,1909f56bfc062723c751e8b465ee728b)  -> (artifact id: '852a426d7a474f273f7c2b6d70de0df3') in 0.015100 seconds 
========================================================================
Received Import Request.
  Time since last request: 0.000034 seconds.
  path: Assets/Polytope Studio/Lowpoly_Characters/Prefabs/Modular_Armors/Separate_Parts/PT_Female_Armor_01_A_body.prefab
  artifactKey: Guid(b7624b0c965dd5d47b0a828ad37b45cd) Importer(815301076,1909f56bfc062723c751e8b465ee728b)
Start importing Assets/Polytope Studio/Lowpoly_Characters/Prefabs/Modular_Armors/Separate_Parts/PT_Female_Armor_01_A_body.prefab using Guid(b7624b0c965dd5d47b0a828ad37b45cd) Importer(815301076,1909f56bfc062723c751e8b465ee728b)  -> (artifact id: '471711d64f54b3903298240de5e53ad9') in 0.047710 seconds 
========================================================================
Received Import Request.
  Time since last request: 0.000070 seconds.
  path: Assets/Polytope Studio/Lowpoly_Characters/Prefabs/Modular_Armors/Separate_Parts/PT_Female_Armor_05_C_cape.prefab
  artifactKey: Guid(9f92e6a2715699a4bbb4fb210b9dcbbb) Importer(815301076,1909f56bfc062723c751e8b465ee728b)
Start importing Assets/Polytope Studio/Lowpoly_Characters/Prefabs/Modular_Armors/Separate_Parts/PT_Female_Armor_05_C_cape.prefab using Guid(9f92e6a2715699a4bbb4fb210b9dcbbb) Importer(815301076,1909f56bfc062723c751e8b465ee728b)  -> (artifact id: 'b2246cf08149d0d07b5f3ddaffd91705') in 0.043930 seconds 
========================================================================
Received Import Request.
  Time since last request: 0.000029 seconds.
  path: Assets/Polytope Studio/Lowpoly_Characters/Prefabs/Modular_Armors/Separate_Parts/PT_Female_Armor_naked_boots.prefab
  artifactKey: Guid(561f79ef91e5f57428afece9b2aade79) Importer(815301076,1909f56bfc062723c751e8b465ee728b)
Start importing Assets/Polytope Studio/Lowpoly_Characters/Prefabs/Modular_Armors/Separate_Parts/PT_Female_Armor_naked_boots.prefab using Guid(561f79ef91e5f57428afece9b2aade79) Importer(815301076,1909f56bfc062723c751e8b465ee728b)  -> (artifact id: '69972be3091c8930ecb17f7511e73f22') in 0.042253 seconds 
========================================================================
Received Import Request.
  Time since last request: 0.000050 seconds.
  path: Assets/Polytope Studio/Lowpoly_Characters/Prefabs/Modular_Armors/Separate_Parts/PT_Male_Armor_05_C_cape.prefab
  artifactKey: Guid(3017fe4ba4c5c294e9500ccfe71fe3a3) Importer(815301076,1909f56bfc062723c751e8b465ee728b)
Start importing Assets/Polytope Studio/Lowpoly_Characters/Prefabs/Modular_Armors/Separate_Parts/PT_Male_Armor_05_C_cape.prefab using Guid(3017fe4ba4c5c294e9500ccfe71fe3a3) Importer(815301076,1909f56bfc062723c751e8b465ee728b)  -> (artifact id: '58a89a89b237ec52c354df97df660de9') in 0.042047 seconds 
========================================================================
Received Import Request.
  Time since last request: 0.000059 seconds.
  path: Assets/Polytope Studio/Lowpoly_Characters/Animations/PT_Pose_01.fbx
  artifactKey: Guid(fe7e68b2be2cc23428459b55fee65321) Importer(815301076,1909f56bfc062723c751e8b465ee728b)
Start importing Assets/Polytope Studio/Lowpoly_Characters/Animations/PT_Pose_01.fbx using Guid(fe7e68b2be2cc23428459b55fee65321) Importer(815301076,1909f56bfc062723c751e8b465ee728b)  -> (artifact id: 'b35a1902ac76034cfda9d494a6a6b5cb') in 0.657054 seconds 
========================================================================
Received Import Request.
  Time since last request: 0.000039 seconds.
  path: Assets/Polytope Studio/Lowpoly_Characters/Prefabs/Modular_Armors/Separate_Parts/PT_Male_Armor_01_A_helmet.prefab
  artifactKey: Guid(2f563e5cb5f70904492fb219cfb82854) Importer(815301076,1909f56bfc062723c751e8b465ee728b)
Start importing Assets/Polytope Studio/Lowpoly_Characters/Prefabs/Modular_Armors/Separate_Parts/PT_Male_Armor_01_A_helmet.prefab using Guid(2f563e5cb5f70904492fb219cfb82854) Importer(815301076,1909f56bfc062723c751e8b465ee728b)  -> (artifact id: '4c4bc23468c1636120c605d9c15e9535') in 0.118309 seconds 
========================================================================
Received Import Request.
  Time since last request: 0.000045 seconds.
  path: Assets/Polytope Studio/Lowpoly_Characters/Prefabs/Modular_Armors/Separate_Parts/PT_Male_Armor_05_C_boots.prefab
  artifactKey: Guid(759a57724e958354fadcd0c8e0ccff9a) Importer(815301076,1909f56bfc062723c751e8b465ee728b)
Start importing Assets/Polytope Studio/Lowpoly_Characters/Prefabs/Modular_Armors/Separate_Parts/PT_Male_Armor_05_C_boots.prefab using Guid(759a57724e958354fadcd0c8e0ccff9a) Importer(815301076,1909f56bfc062723c751e8b465ee728b)  -> (artifact id: '61efb8efeb17bc5ad7894a7755cbbb5d') in 0.049019 seconds 
========================================================================
Received Import Request.
  Time since last request: 0.000062 seconds.
  path: Assets/Polytope Studio/Lowpoly_Characters/Prefabs/Modular_Armors/Separate_Parts/PT_Male_Armor_cloth_00_boots.prefab
  artifactKey: Guid(8c296d5a69966f14ca1475052cc82ed8) Importer(815301076,1909f56bfc062723c751e8b465ee728b)
Start importing Assets/Polytope Studio/Lowpoly_Characters/Prefabs/Modular_Armors/Separate_Parts/PT_Male_Armor_cloth_00_boots.prefab using Guid(8c296d5a69966f14ca1475052cc82ed8) Importer(815301076,1909f56bfc062723c751e8b465ee728b)  -> (artifact id: '7ba463e19dac85eb6b95a78ef0a89645') in 0.046430 seconds 
========================================================================
Received Import Request.
  Time since last request: 0.000068 seconds.
  path: Assets/Polytope Studio/Lowpoly_Characters/Prefabs/Modular_Armors/Separate_Parts/PT_Male_Armor_05_C_legs.prefab
  artifactKey: Guid(12f6f965ca8a2ab48942049e2bdbb003) Importer(815301076,1909f56bfc062723c751e8b465ee728b)
Start importing Assets/Polytope Studio/Lowpoly_Characters/Prefabs/Modular_Armors/Separate_Parts/PT_Male_Armor_05_C_legs.prefab using Guid(12f6f965ca8a2ab48942049e2bdbb003) Importer(815301076,1909f56bfc062723c751e8b465ee728b)  -> (artifact id: '42fe15445be89e4c370c32f3aac7be08') in 0.043163 seconds 
========================================================================
Received Import Request.
  Time since last request: 0.000026 seconds.
  path: Assets/Polytope Studio/Lowpoly_Characters/Prefabs/Modular_Armors/Separate_Parts/PT_Female_Armor_05_C_helmet.prefab
  artifactKey: Guid(c1a9e250888370344ab747e7bd256695) Importer(815301076,1909f56bfc062723c751e8b465ee728b)
Start importing Assets/Polytope Studio/Lowpoly_Characters/Prefabs/Modular_Armors/Separate_Parts/PT_Female_Armor_05_C_helmet.prefab using Guid(c1a9e250888370344ab747e7bd256695) Importer(815301076,1909f56bfc062723c751e8b465ee728b)  -> (artifact id: 'a387b827cb79ab558be0c2b962222087') in 0.044422 seconds 
========================================================================
Received Import Request.
  Time since last request: 0.000128 seconds.
  path: Assets/Polytope Studio/Lowpoly_Characters/Prefabs/Modular_Armors/Separate_Parts/PT_Female_Armor_cloth_00_body.prefab
  artifactKey: Guid(c755dc187ffed9347a4bbd9b3474fbd1) Importer(815301076,1909f56bfc062723c751e8b465ee728b)
Start importing Assets/Polytope Studio/Lowpoly_Characters/Prefabs/Modular_Armors/Separate_Parts/PT_Female_Armor_cloth_00_body.prefab using Guid(c755dc187ffed9347a4bbd9b3474fbd1) Importer(815301076,1909f56bfc062723c751e8b465ee728b)  -> (artifact id: '67e9de529c55d24dc4ffae247124838d') in 0.043745 seconds 
========================================================================
Received Import Request.
  Time since last request: 0.000070 seconds.
  path: Assets/Polytope Studio/Lowpoly_Characters/Prefabs/Modular_Armors/Separate_Parts/PT_Male_Armor_05_C_body.prefab
  artifactKey: Guid(79225588adeca7b47b72298ca489684f) Importer(815301076,1909f56bfc062723c751e8b465ee728b)
Start importing Assets/Polytope Studio/Lowpoly_Characters/Prefabs/Modular_Armors/Separate_Parts/PT_Male_Armor_05_C_body.prefab using Guid(79225588adeca7b47b72298ca489684f) Importer(815301076,1909f56bfc062723c751e8b465ee728b)  -> (artifact id: '36a02ec9f345729af4dc671df8514e4a') in 0.044348 seconds 
========================================================================
Received Import Request.
  Time since last request: 0.000026 seconds.
  path: Assets/Polytope Studio/Lowpoly_Characters/Prefabs/Modular_Armors/Separate_Parts/PT_Female_Armor_05_C_legs.prefab
  artifactKey: Guid(236c78f128ae26f46a37ce92160f3dc9) Importer(815301076,1909f56bfc062723c751e8b465ee728b)
Start importing Assets/Polytope Studio/Lowpoly_Characters/Prefabs/Modular_Armors/Separate_Parts/PT_Female_Armor_05_C_legs.prefab using Guid(236c78f128ae26f46a37ce92160f3dc9) Importer(815301076,1909f56bfc062723c751e8b465ee728b)  -> (artifact id: '37941c540109e9cc31ba318e3e5eea6e') in 0.046277 seconds 
========================================================================
Received Import Request.
  Time since last request: 0.000049 seconds.
  path: Assets/Polytope Studio/Lowpoly_Characters/Animations
  artifactKey: Guid(f072ca1b227eeb841909d954e8de3f6a) Importer(815301076,1909f56bfc062723c751e8b465ee728b)
Start importing Assets/Polytope Studio/Lowpoly_Characters/Animations using Guid(f072ca1b227eeb841909d954e8de3f6a) Importer(815301076,1909f56bfc062723c751e8b465ee728b)  -> (artifact id: '74c429bfb3764a0044349a11612dc685') in 0.013848 seconds 
========================================================================
Received Import Request.
  Time since last request: 0.000048 seconds.
  path: Assets/Polytope Studio/Lowpoly_Characters/Prefabs/Modular_Armors/Separate_Parts/PT_Female_Armor_01_A_cape.prefab
  artifactKey: Guid(c56ada17f76c83f49a0d404307f89d90) Importer(815301076,1909f56bfc062723c751e8b465ee728b)
Start importing Assets/Polytope Studio/Lowpoly_Characters/Prefabs/Modular_Armors/Separate_Parts/PT_Female_Armor_01_A_cape.prefab using Guid(c56ada17f76c83f49a0d404307f89d90) Importer(815301076,1909f56bfc062723c751e8b465ee728b)  -> (artifact id: 'b2dadccff0a29cd596b48c410baa51cc') in 0.043779 seconds 
========================================================================
Received Import Request.
  Time since last request: 0.000046 seconds.
  path: Assets/Polytope Studio/Lowpoly_Characters/Prefabs/Modular_Armors/Separate_Parts/PT_Female_Armor_01_A_legs.prefab
  artifactKey: Guid(b70be1b6f70f6334f995bb9fda01a536) Importer(815301076,1909f56bfc062723c751e8b465ee728b)
Start importing Assets/Polytope Studio/Lowpoly_Characters/Prefabs/Modular_Armors/Separate_Parts/PT_Female_Armor_01_A_legs.prefab using Guid(b70be1b6f70f6334f995bb9fda01a536) Importer(815301076,1909f56bfc062723c751e8b465ee728b)  -> (artifact id: 'b1f1f4c4142b9f2bdd13e07e9f092d37') in 0.041334 seconds 
========================================================================
Received Import Request.
  Time since last request: 0.000044 seconds.
  path: Assets/Polytope Studio/Lowpoly_Characters/Prefabs/Modular_Armors/Separate_Parts/PT_Male_Armor_01_A_boots.prefab
  artifactKey: Guid(4c499b6e6770c594d8a220316f6fbbea) Importer(815301076,1909f56bfc062723c751e8b465ee728b)
Start importing Assets/Polytope Studio/Lowpoly_Characters/Prefabs/Modular_Armors/Separate_Parts/PT_Male_Armor_01_A_boots.prefab using Guid(4c499b6e6770c594d8a220316f6fbbea) Importer(815301076,1909f56bfc062723c751e8b465ee728b)  -> (artifact id: 'cf869b21459f5af18fbd8b75f0400f3e') in 0.043751 seconds 
========================================================================
Received Import Request.
  Time since last request: 0.000037 seconds.
  path: Assets/Polytope Studio/Lowpoly_Characters/Prefabs/Modular_Armors
  artifactKey: Guid(752a273d488e9254cb9fe9314744a06d) Importer(815301076,1909f56bfc062723c751e8b465ee728b)
Start importing Assets/Polytope Studio/Lowpoly_Characters/Prefabs/Modular_Armors using Guid(752a273d488e9254cb9fe9314744a06d) Importer(815301076,1909f56bfc062723c751e8b465ee728b)  -> (artifact id: '693d8c0f8fd790482630cd2942759efc') in 0.016512 seconds 
========================================================================
Received Import Request.
  Time since last request: 0.000040 seconds.
  path: Assets/Polytope Studio/Lowpoly_Characters/Prefabs/Modular_Armors/Separate_Parts/PT_Male_Armor_01_A_legs.prefab
  artifactKey: Guid(2fd7b97df57b8b245954f8296e7d9be1) Importer(815301076,1909f56bfc062723c751e8b465ee728b)
Start importing Assets/Polytope Studio/Lowpoly_Characters/Prefabs/Modular_Armors/Separate_Parts/PT_Male_Armor_01_A_legs.prefab using Guid(2fd7b97df57b8b245954f8296e7d9be1) Importer(815301076,1909f56bfc062723c751e8b465ee728b)  -> (artifact id: '43afd3b647331a9bff8b347395642550') in 0.043472 seconds 
========================================================================
Received Import Request.
  Time since last request: 0.000036 seconds.
  path: Assets/Polytope Studio/Lowpoly_Characters/Prefabs/Modular_Armors/Separate_Parts/PT_Male_Armor_cloth_00_legs.prefab
  artifactKey: Guid(3e97dc15cc05619459e4d99235603ebd) Importer(815301076,1909f56bfc062723c751e8b465ee728b)
Start importing Assets/Polytope Studio/Lowpoly_Characters/Prefabs/Modular_Armors/Separate_Parts/PT_Male_Armor_cloth_00_legs.prefab using Guid(3e97dc15cc05619459e4d99235603ebd) Importer(815301076,1909f56bfc062723c751e8b465ee728b)  -> (artifact id: 'e696fd4fd2a50067d3c7132c36cc4973') in 0.048414 seconds 
========================================================================
Received Import Request.
  Time since last request: 0.000031 seconds.
  path: Assets/Polytope Studio/PT_Lowpoly_Modular_Armors_Doc.pdf
  artifactKey: Guid(7fa4f70b1f3c72349ba83737d6c2148f) Importer(815301076,1909f56bfc062723c751e8b465ee728b)
Start importing Assets/Polytope Studio/PT_Lowpoly_Modular_Armors_Doc.pdf using Guid(7fa4f70b1f3c72349ba83737d6c2148f) Importer(815301076,1909f56bfc062723c751e8b465ee728b)  -> (artifact id: '162598273144f0baf3bf8d5a6a587b0a') in 0.022307 seconds 
========================================================================
Received Import Request.
  Time since last request: 0.000022 seconds.
  path: Assets/Polytope Studio/Lowpoly_Characters/Prefabs/Modular_Armors/Separate_Parts/PT_Male_Armor_01_A_gauntlets.prefab
  artifactKey: Guid(e2c700b8dce251746bc99162b9703131) Importer(815301076,1909f56bfc062723c751e8b465ee728b)
Start importing Assets/Polytope Studio/Lowpoly_Characters/Prefabs/Modular_Armors/Separate_Parts/PT_Male_Armor_01_A_gauntlets.prefab using Guid(e2c700b8dce251746bc99162b9703131) Importer(815301076,1909f56bfc062723c751e8b465ee728b)  -> (artifact id: '80eac61b4a277792fa7e7bbc10042a50') in 0.038870 seconds 
========================================================================
Received Import Request.
  Time since last request: 243.105027 seconds.
  path: Assets/Polytope Studio/Lowpoly_Characters/Prefabs/Modular_Armors/Separate_Parts/Female
  artifactKey: Guid(d9ecda0704b49674197b444b77dd1aa7) Importer(815301076,1909f56bfc062723c751e8b465ee728b)
Start importing Assets/Polytope Studio/Lowpoly_Characters/Prefabs/Modular_Armors/Separate_Parts/Female using Guid(d9ecda0704b49674197b444b77dd1aa7) Importer(815301076,1909f56bfc062723c751e8b465ee728b)  -> (artifact id: '29db0c432312b61721c3fa9a92f5e942') in 0.015038 seconds 
========================================================================
Received Import Request.
  Time since last request: 26.521342 seconds.
  path: Assets/Polytope Studio/Lowpoly_Characters/Prefabs/Modular_Armors/Separate_Parts/Male
  artifactKey: Guid(9be0170fd28f76f468526a4021087f7e) Importer(815301076,1909f56bfc062723c751e8b465ee728b)
Start importing Assets/Polytope Studio/Lowpoly_Characters/Prefabs/Modular_Armors/Separate_Parts/Male using Guid(9be0170fd28f76f468526a4021087f7e) Importer(815301076,1909f56bfc062723c751e8b465ee728b)  -> (artifact id: 'c55321300d40bb289d25e892fee33d69') in 0.011891 seconds 
========================================================================
Received Prepare
Registering precompiled user dll's ...
Registered in 0.013395 seconds.
Begin MonoManager ReloadAssembly
Symbol file LoadedFromMemory doesn't match image D:\hub\Unity\RPG3D\Fantasy_RPG\Fantasy_RPG\Library\PackageCache\com.unity.visualscripting@1.7.8\Editor\VisualScripting.Core\Dependencies\YamlDotNet\Unity.VisualScripting.YamlDotNet.dll
Symbol file LoadedFromMemory doesn't match image D:\hub\Unity\RPG3D\Fantasy_RPG\Fantasy_RPG\Library\PackageCache\com.unity.visualscripting@1.7.8\Editor\VisualScripting.Core\Dependencies\DotNetZip\Unity.VisualScripting.IonicZip.dll
Native extension for WindowsStandalone target not found
Native extension for Android target not found
Refreshing native plugins compatible for Editor in 1.62 ms, found 3 plugins.
Preloading 0 native plugins for Editor in 0.00 ms.
Mono: successfully reloaded assembly
- Completed reload, in  2.472 seconds
Domain Reload Profiling:
	ReloadAssembly (2473ms)
		BeginReloadAssembly (361ms)
			ExecutionOrderSort (0ms)
			DisableScriptedObjects (8ms)
			BackupInstance (0ms)
			ReleaseScriptingObjects (0ms)
			CreateAndSetChildDomain (64ms)
		EndReloadAssembly (1878ms)
			LoadAssemblies (345ms)
			RebuildTransferFunctionScriptingTraits (0ms)
			SetupTypeCache (554ms)
			ReleaseScriptCaches (3ms)
			RebuildScriptCaches (85ms)
			SetupLoadedEditorAssemblies (907ms)
				LogAssemblyErrors (0ms)
				InitializePlatformSupportModulesInManaged (60ms)
				SetLoadedEditorAssemblies (1ms)
				RefreshPlugins (2ms)
				BeforeProcessingInitializeOnLoad (150ms)
				ProcessInitializeOnLoadAttributes (579ms)
				ProcessInitializeOnLoadMethodAttributes (84ms)
				AfterProcessingInitializeOnLoad (31ms)
				EditorAssembliesLoaded (0ms)
			ExecutionOrderSort2 (0ms)
			AwakeInstancesAfterBackupRestoration (22ms)
Platform modules already initialized, skipping
Refreshing native plugins compatible for Editor in 5.62 ms, found 3 plugins.
Preloading 0 native plugins for Editor in 0.00 ms.
Unloading 3448 Unused Serialized files (Serialized files now loaded: 0)
Unloading 20 unused Assets / (79.6 KB). Loaded Objects now: 3969.
Memory consumption went from 159.6 MB to 159.5 MB.
Total: 6.417100 ms (FindLiveObjects: 0.800700 ms CreateObjectMapping: 0.627100 ms MarkObjects: 4.841800 ms  DeleteObjects: 0.145800 ms)

AssetImportParameters requested are different than current active one (requested -> active):
  custom:video-decoder-ogg-theora: a1e56fd34408186e4bbccfd4996cb3dc -> 
  custom:container-muxer-webm: aa71ff27fc2769a1b78a27578f13a17b -> 
  custom:container-demuxer-webm: 4f35f7cbe854078d1ac9338744f61a02 -> 
  custom:video-encoder-webm-vp8: eb34c28f22e8b96e1ab97ce403110664 -> 
  custom:audio-encoder-webm-vorbis: bf7c407c2cedff20999df2af8eb42d56 -> 
  custom:framework-win-MediaFoundation: 216162199b28c13a410421893ffa2e32 -> 
  custom:container-demuxer-ogg: 62fdf1f143b41e24485cea50d1cbac27 -> 
  custom:video-decoder-webm-vp8: 9c59270c3fd7afecdb556c50c9e8de78 -> 
  custom:audio-decoder-ogg-vorbis: bf7c407c2cedff20999df2af8eb42d56 -> 
========================================================================
Received Import Request.
  Time since last request: 64.339540 seconds.
  path: Assets/Polytope Studio/Lowpoly_Demos/Armors_Free_Pack
  artifactKey: Guid(b4567b831d0fdb746972ec6c0e6b563c) Importer(815301076,1909f56bfc062723c751e8b465ee728b)
Start importing Assets/Polytope Studio/Lowpoly_Demos/Armors_Free_Pack using Guid(b4567b831d0fdb746972ec6c0e6b563c) Importer(815301076,1909f56bfc062723c751e8b465ee728b)  -> (artifact id: '3c75e38efaa2a47b9f6735e7cb70ac53') in 0.022936 seconds 
========================================================================
Received Import Request.
  Time since last request: 1.098520 seconds.
  path: Assets/Polytope Studio/Lowpoly_Demos/Armors_Free_Pack/Helpers
  artifactKey: Guid(e23c2ec21113eed4fa5ffe16f6251128) Importer(815301076,1909f56bfc062723c751e8b465ee728b)
Start importing Assets/Polytope Studio/Lowpoly_Demos/Armors_Free_Pack/Helpers using Guid(e23c2ec21113eed4fa5ffe16f6251128) Importer(815301076,1909f56bfc062723c751e8b465ee728b)  -> (artifact id: '94cefcb0e2787793c924d483b9f06156') in 0.015771 seconds 
========================================================================
Received Import Request.
  Time since last request: 0.435593 seconds.
  path: Assets/Polytope Studio/Lowpoly_Demos/Armors_Free_Pack/Armors_Free_Demo.unity
  artifactKey: Guid(d4982469e0cfeb2438e72c6129a8d819) Importer(815301076,1909f56bfc062723c751e8b465ee728b)
Start importing Assets/Polytope Studio/Lowpoly_Demos/Armors_Free_Pack/Armors_Free_Demo.unity using Guid(d4982469e0cfeb2438e72c6129a8d819) Importer(815301076,1909f56bfc062723c751e8b465ee728b)  -> (artifact id: 'bbaf11984b25139e5357938707b3bac0') in 0.016144 seconds 
========================================================================
Received Import Request.
  Time since last request: 25.923992 seconds.
  path: Assets/Polytope Studio/Lowpoly_Weapons/Animations
  artifactKey: Guid(b94c9a465408c1645a4b0d8a0d909e06) Importer(815301076,1909f56bfc062723c751e8b465ee728b)
Start importing Assets/Polytope Studio/Lowpoly_Weapons/Animations using Guid(b94c9a465408c1645a4b0d8a0d909e06) Importer(815301076,1909f56bfc062723c751e8b465ee728b)  -> (artifact id: '2a3dda8c883c05f3ebaa86d2731f4542') in 0.007218 seconds 
========================================================================
Received Import Request.
  Time since last request: 0.000074 seconds.
  path: Assets/Polytope Studio/Lowpoly_Weapons/Animations/PT_Bow_02_anim.fbx
  artifactKey: Guid(997f2f2ffec3ffb418ca799634966b4c) Importer(815301076,1909f56bfc062723c751e8b465ee728b)
Start importing Assets/Polytope Studio/Lowpoly_Weapons/Animations/PT_Bow_02_anim.fbx using Guid(997f2f2ffec3ffb418ca799634966b4c) Importer(815301076,1909f56bfc062723c751e8b465ee728b)  -> (artifact id: '014e1131bbf270ec827b8e60afa1a7d5') in 0.069346 seconds 
========================================================================
Received Import Request.
  Time since last request: 0.000065 seconds.
  path: Assets/Polytope Studio/Lowpoly_Weapons/Animations/PT_Longbow_02_anim.fbx
  artifactKey: Guid(d3c5bcfc537b6044084b083c7e7953b9) Importer(815301076,1909f56bfc062723c751e8b465ee728b)
Start importing Assets/Polytope Studio/Lowpoly_Weapons/Animations/PT_Longbow_02_anim.fbx using Guid(d3c5bcfc537b6044084b083c7e7953b9) Importer(815301076,1909f56bfc062723c751e8b465ee728b)  -> (artifact id: '84752a11e329b6a150e24fcf88212eeb') in 0.028118 seconds 
========================================================================
Received Import Request.
  Time since last request: 0.000025 seconds.
  path: Assets/Polytope Studio/Lowpoly_Weapons/Animations/PT_Crossbow_02_anim.fbx
  artifactKey: Guid(e20e47eb346dfbc429649f4d8895822f) Importer(815301076,1909f56bfc062723c751e8b465ee728b)
Start importing Assets/Polytope Studio/Lowpoly_Weapons/Animations/PT_Crossbow_02_anim.fbx using Guid(e20e47eb346dfbc429649f4d8895822f) Importer(815301076,1909f56bfc062723c751e8b465ee728b)  -> (artifact id: '256bbb81289aeabfdfb2218e0e0d6aa3') in 0.038069 seconds 
========================================================================
Received Import Request.
  Time since last request: 4.534362 seconds.
  path: Assets/Polytope Studio/Lowpoly_Weapons/Prefabs
  artifactKey: Guid(e28a2cd9344d55840a82ef81c55d396f) Importer(815301076,1909f56bfc062723c751e8b465ee728b)
Start importing Assets/Polytope Studio/Lowpoly_Weapons/Prefabs using Guid(e28a2cd9344d55840a82ef81c55d396f) Importer(815301076,1909f56bfc062723c751e8b465ee728b)  -> (artifact id: 'ab921eef9cacf3279f967336e2594d7e') in 0.006244 seconds 
========================================================================
Received Import Request.
  Time since last request: 0.000055 seconds.
  path: Assets/Polytope Studio/Lowpoly_Weapons/Prefabs/PT_Longsword_01_a.prefab
  artifactKey: Guid(e18213b527e9be54d9513ce2dd5f3b67) Importer(815301076,1909f56bfc062723c751e8b465ee728b)
Start importing Assets/Polytope Studio/Lowpoly_Weapons/Prefabs/PT_Longsword_01_a.prefab using Guid(e18213b527e9be54d9513ce2dd5f3b67) Importer(815301076,1909f56bfc062723c751e8b465ee728b)  -> (artifact id: '48199daadee15fe2cea32e67cbaa192c') in 0.581131 seconds 
========================================================================
Received Import Request.
  Time since last request: 0.000089 seconds.
  path: Assets/Polytope Studio/Lowpoly_Weapons/Prefabs/PT_ShortWaraxe_01_a.prefab
  artifactKey: Guid(adae6be6654e723469fedd60d61b200c) Importer(815301076,1909f56bfc062723c751e8b465ee728b)
Start importing Assets/Polytope Studio/Lowpoly_Weapons/Prefabs/PT_ShortWaraxe_01_a.prefab using Guid(adae6be6654e723469fedd60d61b200c) Importer(815301076,1909f56bfc062723c751e8b465ee728b)  -> (artifact id: '4c665f557b661afcacf06194211408f8') in 0.041055 seconds 
========================================================================
Received Import Request.
  Time since last request: 0.000040 seconds.
  path: Assets/Polytope Studio/Lowpoly_Weapons/Prefabs/PT_Bow_01_a.prefab
  artifactKey: Guid(7076aac120d89da4996ba4b35f82f8f4) Importer(815301076,1909f56bfc062723c751e8b465ee728b)
Start importing Assets/Polytope Studio/Lowpoly_Weapons/Prefabs/PT_Bow_01_a.prefab using Guid(7076aac120d89da4996ba4b35f82f8f4) Importer(815301076,1909f56bfc062723c751e8b465ee728b)  -> (artifact id: '129575b6d54fdd4183de84ba48e5f44f') in 0.051781 seconds 
========================================================================
Received Import Request.
  Time since last request: 0.000039 seconds.
  path: Assets/Polytope Studio/Lowpoly_Weapons/Prefabs/PT_Pike_01_a.prefab
  artifactKey: Guid(72fc84d4624f140498736783e8007a55) Importer(815301076,1909f56bfc062723c751e8b465ee728b)
Start importing Assets/Polytope Studio/Lowpoly_Weapons/Prefabs/PT_Pike_01_a.prefab using Guid(72fc84d4624f140498736783e8007a55) Importer(815301076,1909f56bfc062723c751e8b465ee728b)  -> (artifact id: 'c98162b690a6693e62e0641327583740') in 0.031643 seconds 
========================================================================
Received Import Request.
  Time since last request: 0.000024 seconds.
  path: Assets/Polytope Studio/Lowpoly_Weapons/Prefabs/PT_Shield_06_a.prefab
  artifactKey: Guid(4dc2733e14696c1498ae2db0dc98018c) Importer(815301076,1909f56bfc062723c751e8b465ee728b)
Start importing Assets/Polytope Studio/Lowpoly_Weapons/Prefabs/PT_Shield_06_a.prefab using Guid(4dc2733e14696c1498ae2db0dc98018c) Importer(815301076,1909f56bfc062723c751e8b465ee728b)  -> (artifact id: 'a9daa3819d74f66bb449ff6d189af37b') in 0.037425 seconds 
========================================================================
Received Import Request.
  Time since last request: 0.000058 seconds.
  path: Assets/Polytope Studio/Lowpoly_Weapons/Prefabs/PT_Mace_01_a.prefab
  artifactKey: Guid(38b246b515ecfc1489b2a72b8567bfd2) Importer(815301076,1909f56bfc062723c751e8b465ee728b)
Start importing Assets/Polytope Studio/Lowpoly_Weapons/Prefabs/PT_Mace_01_a.prefab using Guid(38b246b515ecfc1489b2a72b8567bfd2) Importer(815301076,1909f56bfc062723c751e8b465ee728b)  -> (artifact id: 'c6d9d1f446091c5776c25bca96a6ffbb') in 0.040362 seconds 
========================================================================
Received Import Request.
  Time since last request: 6.290429 seconds.
  path: Assets/ExplosiveLLC/RPG Character Mecanim Animation Pack FREE
  artifactKey: Guid(b1c9ce867e55e6b489b0360147f7272c) Importer(815301076,1909f56bfc062723c751e8b465ee728b)
Start importing Assets/ExplosiveLLC/RPG Character Mecanim Animation Pack FREE using Guid(b1c9ce867e55e6b489b0360147f7272c) Importer(815301076,1909f56bfc062723c751e8b465ee728b)  -> (artifact id: '8132ad064c6c7af77f632a88e44f9d76') in 0.113024 seconds 
========================================================================
Received Import Request.
  Time since last request: 3.585396 seconds.
  path: Assets/ExplosiveLLC/RPG Character Mecanim Animation Pack FREE/InputSystem - Requires InputSystem Package.unitypackage
  artifactKey: Guid(d3a9c9d842043b54aa5429606b7dab7e) Importer(815301076,1909f56bfc062723c751e8b465ee728b)
Start importing Assets/ExplosiveLLC/RPG Character Mecanim Animation Pack FREE/InputSystem - Requires InputSystem Package.unitypackage using Guid(d3a9c9d842043b54aa5429606b7dab7e) Importer(815301076,1909f56bfc062723c751e8b465ee728b)  -> (artifact id: 'a443819340e27aa26e60ec9ce012f384') in 0.024808 seconds 
========================================================================
Received Import Request.
  Time since last request: 2.026924 seconds.
  path: Assets/ExplosiveLLC/RPG Character Mecanim Animation Pack FREE/Animations
  artifactKey: Guid(333a26b651c0a304f8ec5288c2dc61b4) Importer(815301076,1909f56bfc062723c751e8b465ee728b)
Start importing Assets/ExplosiveLLC/RPG Character Mecanim Animation Pack FREE/Animations using Guid(333a26b651c0a304f8ec5288c2dc61b4) Importer(815301076,1909f56bfc062723c751e8b465ee728b)  -> (artifact id: '0dde3f8a00c0dc1d91e6d3a543d81e05') in 0.008317 seconds 
========================================================================
Received Import Request.
  Time since last request: 3.092909 seconds.
  path: Assets/ExplosiveLLC/RPG Character Mecanim Animation Pack FREE/Animation Controller
  artifactKey: Guid(b4e81f4f26050804789baf3a083c99e9) Importer(815301076,1909f56bfc062723c751e8b465ee728b)
Start importing Assets/ExplosiveLLC/RPG Character Mecanim Animation Pack FREE/Animation Controller using Guid(b4e81f4f26050804789baf3a083c99e9) Importer(815301076,1909f56bfc062723c751e8b465ee728b)  -> (artifact id: '4e956b5cca407492cbbc2a21627b4e95') in 0.014981 seconds 
========================================================================
Received Import Request.
  Time since last request: 5.787374 seconds.
  path: Assets/ExplosiveLLC/RPG Character Mecanim Animation Pack FREE/Animation Controller/RPG-Character-Animation-Controller.controller
  artifactKey: Guid(7ff0cf27ed8e9684b9bdd381bab1f846) Importer(815301076,1909f56bfc062723c751e8b465ee728b)
Start importing Assets/ExplosiveLLC/RPG Character Mecanim Animation Pack FREE/Animation Controller/RPG-Character-Animation-Controller.controller using Guid(7ff0cf27ed8e9684b9bdd381bab1f846) Importer(815301076,1909f56bfc062723c751e8b465ee728b)  -> (artifact id: '9f729a04f4f423eac4787c2590325819') in 0.195259 seconds 
========================================================================
Received Import Request.
  Time since last request: 6.236171 seconds.
  path: Assets/ExplosiveLLC/RPG Character Mecanim Animation Pack FREE/Avatars
  artifactKey: Guid(d6339bc8184c0dd4697566ef8b769d8e) Importer(815301076,1909f56bfc062723c751e8b465ee728b)
Start importing Assets/ExplosiveLLC/RPG Character Mecanim Animation Pack FREE/Avatars using Guid(d6339bc8184c0dd4697566ef8b769d8e) Importer(815301076,1909f56bfc062723c751e8b465ee728b)  -> (artifact id: 'f84f62ebe36e68913a8dbd5c94831710') in 0.105237 seconds 
========================================================================
Received Import Request.
  Time since last request: 0.417713 seconds.
  path: Assets/ExplosiveLLC/RPG Character Mecanim Animation Pack FREE/Code
  artifactKey: Guid(dac96c5f2e69c5244b5e6cf4554a923e) Importer(815301076,1909f56bfc062723c751e8b465ee728b)
Start importing Assets/ExplosiveLLC/RPG Character Mecanim Animation Pack FREE/Code using Guid(dac96c5f2e69c5244b5e6cf4554a923e) Importer(815301076,1909f56bfc062723c751e8b465ee728b)  -> (artifact id: 'de4b7b6db55d20fb072249d9d6471a3f') in 0.013928 seconds 
========================================================================
Received Import Request.
  Time since last request: 0.994411 seconds.
  path: Assets/ExplosiveLLC/RPG Character Mecanim Animation Pack FREE/Materials
  artifactKey: Guid(0be3e0c5550ab5245a84635814d81d90) Importer(815301076,1909f56bfc062723c751e8b465ee728b)
Start importing Assets/ExplosiveLLC/RPG Character Mecanim Animation Pack FREE/Materials using Guid(0be3e0c5550ab5245a84635814d81d90) Importer(815301076,1909f56bfc062723c751e8b465ee728b)  -> (artifact id: 'b9268e5adf45a692a5122595879822c1') in 0.017061 seconds 
========================================================================
Received Import Request.
  Time since last request: 0.569165 seconds.
  path: Assets/ExplosiveLLC/RPG Character Mecanim Animation Pack FREE/Presets
  artifactKey: Guid(2cbb93b602f3bfa439c9f6154859d6f3) Importer(815301076,1909f56bfc062723c751e8b465ee728b)
Start importing Assets/ExplosiveLLC/RPG Character Mecanim Animation Pack FREE/Presets using Guid(2cbb93b602f3bfa439c9f6154859d6f3) Importer(815301076,1909f56bfc062723c751e8b465ee728b)  -> (artifact id: '16426013c23f8465b97159ebb5f8e0d4') in 0.014160 seconds 
========================================================================
Received Import Request.
  Time since last request: 0.362637 seconds.
  path: Assets/ExplosiveLLC/RPG Character Mecanim Animation Pack FREE/Scenes
  artifactKey: Guid(3d656d47583400741aa7ef887013a34b) Importer(815301076,1909f56bfc062723c751e8b465ee728b)
Start importing Assets/ExplosiveLLC/RPG Character Mecanim Animation Pack FREE/Scenes using Guid(3d656d47583400741aa7ef887013a34b) Importer(815301076,1909f56bfc062723c751e8b465ee728b)  -> (artifact id: '36b9ddb75e7fe02d3f6e6542069e46bd') in 0.016006 seconds 
========================================================================
Received Import Request.
  Time since last request: 1.025044 seconds.
  path: Assets/ExplosiveLLC/RPG Character Mecanim Animation Pack FREE/Scenes/RPG-Character.unity
  artifactKey: Guid(0c997d4567ac01447875ab0b9e9ac340) Importer(815301076,1909f56bfc062723c751e8b465ee728b)
Start importing Assets/ExplosiveLLC/RPG Character Mecanim Animation Pack FREE/Scenes/RPG-Character.unity using Guid(0c997d4567ac01447875ab0b9e9ac340) Importer(815301076,1909f56bfc062723c751e8b465ee728b)  -> (artifact id: 'caa47dc5a86c8a8f72de2bbc0206177e') in 0.015102 seconds 
========================================================================
Received Prepare
Registering precompiled user dll's ...
Registered in 0.012270 seconds.
Begin MonoManager ReloadAssembly
Symbol file LoadedFromMemory doesn't match image D:\hub\Unity\RPG3D\Fantasy_RPG\Fantasy_RPG\Library\PackageCache\com.unity.visualscripting@1.7.8\Editor\VisualScripting.Core\Dependencies\YamlDotNet\Unity.VisualScripting.YamlDotNet.dll
Symbol file LoadedFromMemory doesn't match image D:\hub\Unity\RPG3D\Fantasy_RPG\Fantasy_RPG\Library\PackageCache\com.unity.visualscripting@1.7.8\Editor\VisualScripting.Core\Dependencies\DotNetZip\Unity.VisualScripting.IonicZip.dll
Native extension for WindowsStandalone target not found
Native extension for Android target not found
Refreshing native plugins compatible for Editor in 0.72 ms, found 3 plugins.
Preloading 0 native plugins for Editor in 0.00 ms.
Mono: successfully reloaded assembly
- Completed reload, in  1.557 seconds
Domain Reload Profiling:
	ReloadAssembly (1558ms)
		BeginReloadAssembly (284ms)
			ExecutionOrderSort (0ms)
			DisableScriptedObjects (6ms)
			BackupInstance (0ms)
			ReleaseScriptingObjects (0ms)
			CreateAndSetChildDomain (53ms)
		EndReloadAssembly (1087ms)
			LoadAssemblies (239ms)
			RebuildTransferFunctionScriptingTraits (0ms)
			SetupTypeCache (346ms)
			ReleaseScriptCaches (2ms)
			RebuildScriptCaches (55ms)
			SetupLoadedEditorAssemblies (481ms)
				LogAssemblyErrors (0ms)
				InitializePlatformSupportModulesInManaged (36ms)
				SetLoadedEditorAssemblies (1ms)
				RefreshPlugins (1ms)
				BeforeProcessingInitializeOnLoad (104ms)
				ProcessInitializeOnLoadAttributes (270ms)
				ProcessInitializeOnLoadMethodAttributes (39ms)
				AfterProcessingInitializeOnLoad (30ms)
				EditorAssembliesLoaded (0ms)
			ExecutionOrderSort2 (0ms)
			AwakeInstancesAfterBackupRestoration (20ms)
Platform modules already initialized, skipping
Refreshing native plugins compatible for Editor in 3.84 ms, found 3 plugins.
Preloading 0 native plugins for Editor in 0.00 ms.
Unloading 3448 Unused Serialized files (Serialized files now loaded: 0)
Unloading 20 unused Assets / (79.7 KB). Loaded Objects now: 3973.
Memory consumption went from 160.3 MB to 160.2 MB.
Total: 4.155000 ms (FindLiveObjects: 0.426900 ms CreateObjectMapping: 0.455100 ms MarkObjects: 3.146500 ms  DeleteObjects: 0.125000 ms)

AssetImportParameters requested are different than current active one (requested -> active):
  custom:video-decoder-ogg-theora: a1e56fd34408186e4bbccfd4996cb3dc -> 
  custom:container-muxer-webm: aa71ff27fc2769a1b78a27578f13a17b -> 
  custom:container-demuxer-webm: 4f35f7cbe854078d1ac9338744f61a02 -> 
  custom:video-encoder-webm-vp8: eb34c28f22e8b96e1ab97ce403110664 -> 
  custom:audio-encoder-webm-vorbis: bf7c407c2cedff20999df2af8eb42d56 -> 
  custom:framework-win-MediaFoundation: 216162199b28c13a410421893ffa2e32 -> 
  custom:container-demuxer-ogg: 62fdf1f143b41e24485cea50d1cbac27 -> 
  custom:video-decoder-webm-vp8: 9c59270c3fd7afecdb556c50c9e8de78 -> 
  custom:audio-decoder-ogg-vorbis: bf7c407c2cedff20999df2af8eb42d56 -> 
========================================================================
Received Import Request.
  Time since last request: 40.064498 seconds.
  path: Assets/Scenes/SampleScene.unity
  artifactKey: Guid(9fc0d4010bbf28b4594072e72b8655ab) Importer(815301076,1909f56bfc062723c751e8b465ee728b)
Start importing Assets/Scenes/SampleScene.unity using Guid(9fc0d4010bbf28b4594072e72b8655ab) Importer(815301076,1909f56bfc062723c751e8b465ee728b)  -> (artifact id: '56579717e2c82581b5b0a577207bbbde') in 0.020019 seconds 
